[2015-03-19 11:10:57 IST] <main> org.springframework.beans.factory.xml.XmlBeanDefinitionReader - INFO: Loading XML bean definitions from class path resource [base-test.xml]
[2015-03-19 11:10:59 IST] <main> org.springframework.beans.factory.xml.XmlBeanDefinitionReader - INFO: Loading XML bean definitions from class path resource [base-test-ed1.xml]
[2015-03-19 11:10:59 IST] <main> org.springframework.context.support.GenericApplicationContext - INFO: Refreshing org.springframework.context.support.GenericApplicationContext@121be32: startup date [Thu Mar 19 11:10:59 IST 2015]; root of context hierarchy
[2015-03-19 11:10:59 IST] <main> org.springframework.beans.factory.config.PropertyPlaceholderConfigurer - INFO: Loading properties file from class path resource [serversettings/ed1.properties]
[2015-03-19 11:10:59 IST] <main> org.springframework.beans.factory.support.DefaultListableBeanFactory - INFO: Pre-instantiating singletons in org.springframework.beans.factory.support.DefaultListableBeanFactory@4dbbb9f: defining beans [org.springframework.context.annotation.internalConfigurationAnnotationProcessor,org.springframework.context.annotation.internalAutowiredAnnotationProcessor,org.springframework.context.annotation.internalRequiredAnnotationProcessor,org.springframework.context.annotation.internalCommonAnnotationProcessor,propertyUtil,authService,sessionsApi,session,accountService,org.springframework.beans.factory.config.PropertyPlaceholderConfigurer#0]; root of factory hierarchy
[2015-03-19 11:11:03 IST] <main> org.springframework.beans.factory.support.DefaultListableBeanFactory - INFO: Destroying singletons in org.springframework.beans.factory.support.DefaultListableBeanFactory@4dbbb9f: defining beans [org.springframework.context.annotation.internalConfigurationAnnotationProcessor,org.springframework.context.annotation.internalAutowiredAnnotationProcessor,org.springframework.context.annotation.internalRequiredAnnotationProcessor,org.springframework.context.annotation.internalCommonAnnotationProcessor,propertyUtil,authService,sessionsApi,session,accountService,org.springframework.beans.factory.config.PropertyPlaceholderConfigurer#0]; root of factory hierarchy
[2015-03-19 11:11:03 IST] <main> org.springframework.test.context.TestContextManager - ERROR: Caught exception while allowing TestExecutionListener [org.springframework.test.context.support.DependencyInjectionTestExecutionListener@1acf7a46] to prepare test instance [com.citrix.g2w.webdriver.tests.managewebinar.ScheduleSimilarWebnarPageWebdriverTest@140e9f3a]
java.lang.IllegalStateException: Failed to load ApplicationContext
	at org.springframework.test.context.TestContext.getApplicationContext(TestContext.java:308)
	at org.springframework.test.context.support.DependencyInjectionTestExecutionListener.injectDependencies(DependencyInjectionTestExecutionListener.java:109)
	at org.springframework.test.context.support.DependencyInjectionTestExecutionListener.prepareTestInstance(DependencyInjectionTestExecutionListener.java:75)
	at org.springframework.test.context.TestContextManager.prepareTestInstance(TestContextManager.java:321)
	at org.springframework.test.context.testng.AbstractTestNGSpringContextTests.springTestContextPrepareTestInstance(AbstractTestNGSpringContextTests.java:133)
	at sun.reflect.NativeMethodAccessorImpl.invoke0(Native Method)
	at sun.reflect.NativeMethodAccessorImpl.invoke(Unknown Source)
	at sun.reflect.DelegatingMethodAccessorImpl.invoke(Unknown Source)
	at java.lang.reflect.Method.invoke(Unknown Source)
	at org.testng.internal.MethodInvocationHelper.invokeMethod(MethodInvocationHelper.java:84)
	at org.testng.internal.Invoker.invokeConfigurationMethod(Invoker.java:564)
	at org.testng.internal.Invoker.invokeConfigurations(Invoker.java:213)
	at org.testng.internal.Invoker.invokeConfigurations(Invoker.java:138)
	at org.testng.internal.TestMethodWorker.invokeBeforeClassMethods(TestMethodWorker.java:175)
	at org.testng.internal.TestMethodWorker.run(TestMethodWorker.java:107)
	at org.testng.TestRunner.privateRun(TestRunner.java:767)
	at org.testng.TestRunner.run(TestRunner.java:617)
	at org.testng.SuiteRunner.runTest(SuiteRunner.java:334)
	at org.testng.SuiteRunner.runSequentially(SuiteRunner.java:329)
	at org.testng.SuiteRunner.privateRun(SuiteRunner.java:291)
	at org.testng.SuiteRunner.run(SuiteRunner.java:240)
	at org.testng.SuiteRunnerWorker.runSuite(SuiteRunnerWorker.java:52)
	at org.testng.SuiteRunnerWorker.run(SuiteRunnerWorker.java:86)
	at org.testng.TestNG.runSuitesSequentially(TestNG.java:1224)
	at org.testng.TestNG.runSuitesLocally(TestNG.java:1149)
	at org.testng.TestNG.run(TestNG.java:1057)
	at org.testng.remote.RemoteTestNG.run(RemoteTestNG.java:111)
	at org.testng.remote.RemoteTestNG.initAndRun(RemoteTestNG.java:204)
	at org.testng.remote.RemoteTestNG.main(RemoteTestNG.java:175)
Caused by: org.springframework.beans.factory.BeanCreationException: Error creating bean with name 'session': Invocation of init method failed; nested exception is java.lang.RuntimeException: java.net.ConnectException: Connection refused: connect
	at org.springframework.beans.factory.annotation.InitDestroyAnnotationBeanPostProcessor.postProcessBeforeInitialization(InitDestroyAnnotationBeanPostProcessor.java:133)
	at org.springframework.beans.factory.support.AbstractAutowireCapableBeanFactory.applyBeanPostProcessorsBeforeInitialization(AbstractAutowireCapableBeanFactory.java:393)
	at org.springframework.beans.factory.support.AbstractAutowireCapableBeanFactory.initializeBean(AbstractAutowireCapableBeanFactory.java:1415)
	at org.springframework.beans.factory.support.AbstractAutowireCapableBeanFactory.doCreateBean(AbstractAutowireCapableBeanFactory.java:518)
	at org.springframework.beans.factory.support.AbstractAutowireCapableBeanFactory.createBean(AbstractAutowireCapableBeanFactory.java:455)
	at org.springframework.beans.factory.support.AbstractBeanFactory$1.getObject(AbstractBeanFactory.java:293)
	at org.springframework.beans.factory.support.DefaultSingletonBeanRegistry.getSingleton(DefaultSingletonBeanRegistry.java:222)
	at org.springframework.beans.factory.support.AbstractBeanFactory.doGetBean(AbstractBeanFactory.java:290)
	at org.springframework.beans.factory.support.AbstractBeanFactory.getBean(AbstractBeanFactory.java:192)
	at org.springframework.beans.factory.support.DefaultListableBeanFactory.preInstantiateSingletons(DefaultListableBeanFactory.java:585)
	at org.springframework.context.support.AbstractApplicationContext.finishBeanFactoryInitialization(AbstractApplicationContext.java:895)
	at org.springframework.context.support.AbstractApplicationContext.refresh(AbstractApplicationContext.java:425)
	at org.springframework.test.context.support.AbstractGenericContextLoader.loadContext(AbstractGenericContextLoader.java:84)
	at org.springframework.test.context.support.AbstractGenericContextLoader.loadContext(AbstractGenericContextLoader.java:1)
	at org.springframework.test.context.TestContext.loadApplicationContext(TestContext.java:280)
	at org.springframework.test.context.TestContext.getApplicationContext(TestContext.java:304)
	... 28 more
Caused by: java.lang.RuntimeException: java.net.ConnectException: Connection refused: connect
	at com.citrix.g2w.webdriver.clients.Endpoint.<init>(Endpoint.java:140)
	at com.citrix.g2w.webdriver.flows.Session.init(Session.java:405)
	at sun.reflect.NativeMethodAccessorImpl.invoke0(Native Method)
	at sun.reflect.NativeMethodAccessorImpl.invoke(Unknown Source)
	at sun.reflect.DelegatingMethodAccessorImpl.invoke(Unknown Source)
	at java.lang.reflect.Method.invoke(Unknown Source)
	at org.springframework.beans.factory.annotation.InitDestroyAnnotationBeanPostProcessor$LifecycleElement.invoke(InitDestroyAnnotationBeanPostProcessor.java:340)
	at org.springframework.beans.factory.annotation.InitDestroyAnnotationBeanPostProcessor$LifecycleMetadata.invokeInitMethods(InitDestroyAnnotationBeanPostProcessor.java:293)
	at org.springframework.beans.factory.annotation.InitDestroyAnnotationBeanPostProcessor.postProcessBeforeInitialization(InitDestroyAnnotationBeanPostProcessor.java:130)
	... 43 more
Caused by: java.net.ConnectException: Connection refused: connect
	at java.net.DualStackPlainSocketImpl.connect0(Native Method)
	at java.net.DualStackPlainSocketImpl.socketConnect(Unknown Source)
	at java.net.AbstractPlainSocketImpl.doConnect(Unknown Source)
	at java.net.AbstractPlainSocketImpl.connectToAddress(Unknown Source)
	at java.net.AbstractPlainSocketImpl.connect(Unknown Source)
	at java.net.PlainSocketImpl.connect(Unknown Source)
	at java.net.SocksSocketImpl.connect(Unknown Source)
	at java.net.Socket.connect(Unknown Source)
	at java.net.Socket.connect(Unknown Source)
	at java.net.Socket.<init>(Unknown Source)
	at java.net.Socket.<init>(Unknown Source)
	at com.citrix.g2w.webdriver.clients.Endpoint.<init>(Endpoint.java:128)
	... 51 more
[2015-03-19 11:13:21 IST] <main> org.springframework.beans.factory.xml.XmlBeanDefinitionReader - INFO: Loading XML bean definitions from class path resource [base-test.xml]
[2015-03-19 11:13:22 IST] <main> org.springframework.beans.factory.xml.XmlBeanDefinitionReader - INFO: Loading XML bean definitions from class path resource [base-test-ed1.xml]
[2015-03-19 11:13:22 IST] <main> org.springframework.context.support.GenericApplicationContext - INFO: Refreshing org.springframework.context.support.GenericApplicationContext@3be16732: startup date [Thu Mar 19 11:13:22 IST 2015]; root of context hierarchy
[2015-03-19 11:13:22 IST] <main> org.springframework.beans.factory.config.PropertyPlaceholderConfigurer - INFO: Loading properties file from class path resource [serversettings/ed1.properties]
[2015-03-19 11:13:22 IST] <main> org.springframework.beans.factory.support.DefaultListableBeanFactory - INFO: Pre-instantiating singletons in org.springframework.beans.factory.support.DefaultListableBeanFactory@516aee36: defining beans [org.springframework.context.annotation.internalConfigurationAnnotationProcessor,org.springframework.context.annotation.internalAutowiredAnnotationProcessor,org.springframework.context.annotation.internalRequiredAnnotationProcessor,org.springframework.context.annotation.internalCommonAnnotationProcessor,propertyUtil,authService,sessionsApi,session,accountService,org.springframework.beans.factory.config.PropertyPlaceholderConfigurer#0]; root of factory hierarchy
[2015-03-19 11:13:23 IST] <main> com.citrix.comm.stack.egw.RpcCommStackFactoryImpl - INFO: Creating comm stack for G2WRPCTest_1426743803948
[2015-03-19 11:16:48 IST] <Thread-0> org.springframework.context.support.GenericApplicationContext - INFO: Closing org.springframework.context.support.GenericApplicationContext@3be16732: startup date [Thu Mar 19 11:13:22 IST 2015]; root of context hierarchy
[2015-03-19 11:16:48 IST] <Thread-0> org.springframework.beans.factory.support.DefaultListableBeanFactory - INFO: Destroying singletons in org.springframework.beans.factory.support.DefaultListableBeanFactory@516aee36: defining beans [org.springframework.context.annotation.internalConfigurationAnnotationProcessor,org.springframework.context.annotation.internalAutowiredAnnotationProcessor,org.springframework.context.annotation.internalRequiredAnnotationProcessor,org.springframework.context.annotation.internalCommonAnnotationProcessor,propertyUtil,authService,sessionsApi,session,accountService,org.springframework.beans.factory.config.PropertyPlaceholderConfigurer#0]; root of factory hierarchy
[2015-03-19 11:34:24 IST] <main> org.springframework.beans.factory.xml.XmlBeanDefinitionReader - INFO: Loading XML bean definitions from class path resource [base-test.xml]
[2015-03-19 11:34:25 IST] <main> org.springframework.beans.factory.xml.XmlBeanDefinitionReader - INFO: Loading XML bean definitions from class path resource [base-test-ed1.xml]
[2015-03-19 11:34:25 IST] <main> org.springframework.context.support.GenericApplicationContext - INFO: Refreshing org.springframework.context.support.GenericApplicationContext@65630be5: startup date [Thu Mar 19 11:34:25 IST 2015]; root of context hierarchy
[2015-03-19 11:34:25 IST] <main> org.springframework.beans.factory.config.PropertyPlaceholderConfigurer - INFO: Loading properties file from class path resource [serversettings/ed1.properties]
[2015-03-19 11:34:25 IST] <main> org.springframework.beans.factory.support.DefaultListableBeanFactory - INFO: Pre-instantiating singletons in org.springframework.beans.factory.support.DefaultListableBeanFactory@21cf3b41: defining beans [org.springframework.context.annotation.internalConfigurationAnnotationProcessor,org.springframework.context.annotation.internalAutowiredAnnotationProcessor,org.springframework.context.annotation.internalRequiredAnnotationProcessor,org.springframework.context.annotation.internalCommonAnnotationProcessor,propertyUtil,authService,sessionsApi,session,accountService,org.springframework.beans.factory.config.PropertyPlaceholderConfigurer#0]; root of factory hierarchy
[2015-03-19 11:34:26 IST] <main> com.citrix.comm.stack.egw.RpcCommStackFactoryImpl - INFO: Creating comm stack for G2WRPCTest_1426745066129
[2015-03-19 11:37:04 IST] <Thread-0> org.springframework.context.support.GenericApplicationContext - INFO: Closing org.springframework.context.support.GenericApplicationContext@65630be5: startup date [Thu Mar 19 11:34:25 IST 2015]; root of context hierarchy
[2015-03-19 11:37:04 IST] <Thread-0> org.springframework.beans.factory.support.DefaultListableBeanFactory - INFO: Destroying singletons in org.springframework.beans.factory.support.DefaultListableBeanFactory@21cf3b41: defining beans [org.springframework.context.annotation.internalConfigurationAnnotationProcessor,org.springframework.context.annotation.internalAutowiredAnnotationProcessor,org.springframework.context.annotation.internalRequiredAnnotationProcessor,org.springframework.context.annotation.internalCommonAnnotationProcessor,propertyUtil,authService,sessionsApi,session,accountService,org.springframework.beans.factory.config.PropertyPlaceholderConfigurer#0]; root of factory hierarchy
[2015-03-19 11:49:28 IST] <main> org.springframework.beans.factory.xml.XmlBeanDefinitionReader - INFO: Loading XML bean definitions from class path resource [base-test.xml]
[2015-03-19 11:49:29 IST] <main> org.springframework.beans.factory.xml.XmlBeanDefinitionReader - INFO: Loading XML bean definitions from class path resource [base-test-ed1.xml]
[2015-03-19 11:49:29 IST] <main> org.springframework.context.support.GenericApplicationContext - INFO: Refreshing org.springframework.context.support.GenericApplicationContext@5c3fdf63: startup date [Thu Mar 19 11:49:29 IST 2015]; root of context hierarchy
[2015-03-19 11:49:29 IST] <main> org.springframework.beans.factory.config.PropertyPlaceholderConfigurer - INFO: Loading properties file from class path resource [serversettings/ed1.properties]
[2015-03-19 11:49:29 IST] <main> org.springframework.beans.factory.support.DefaultListableBeanFactory - INFO: Pre-instantiating singletons in org.springframework.beans.factory.support.DefaultListableBeanFactory@21cf3b41: defining beans [org.springframework.context.annotation.internalConfigurationAnnotationProcessor,org.springframework.context.annotation.internalAutowiredAnnotationProcessor,org.springframework.context.annotation.internalRequiredAnnotationProcessor,org.springframework.context.annotation.internalCommonAnnotationProcessor,propertyUtil,authService,sessionsApi,session,accountService,org.springframework.beans.factory.config.PropertyPlaceholderConfigurer#0]; root of factory hierarchy
[2015-03-19 11:49:30 IST] <main> com.citrix.comm.stack.egw.RpcCommStackFactoryImpl - INFO: Creating comm stack for G2WRPCTest_1426745970257
[2015-03-19 11:52:14 IST] <Thread-0> org.springframework.context.support.GenericApplicationContext - INFO: Closing org.springframework.context.support.GenericApplicationContext@5c3fdf63: startup date [Thu Mar 19 11:49:29 IST 2015]; root of context hierarchy
[2015-03-19 11:52:14 IST] <Thread-0> org.springframework.beans.factory.support.DefaultListableBeanFactory - INFO: Destroying singletons in org.springframework.beans.factory.support.DefaultListableBeanFactory@21cf3b41: defining beans [org.springframework.context.annotation.internalConfigurationAnnotationProcessor,org.springframework.context.annotation.internalAutowiredAnnotationProcessor,org.springframework.context.annotation.internalRequiredAnnotationProcessor,org.springframework.context.annotation.internalCommonAnnotationProcessor,propertyUtil,authService,sessionsApi,session,accountService,org.springframework.beans.factory.config.PropertyPlaceholderConfigurer#0]; root of factory hierarchy
[2015-03-19 11:54:47 IST] <main> org.springframework.beans.factory.xml.XmlBeanDefinitionReader - INFO: Loading XML bean definitions from class path resource [base-test.xml]
[2015-03-19 11:54:47 IST] <main> org.springframework.beans.factory.xml.XmlBeanDefinitionReader - INFO: Loading XML bean definitions from class path resource [base-test-ed1.xml]
[2015-03-19 11:54:48 IST] <main> org.springframework.context.support.GenericApplicationContext - INFO: Refreshing org.springframework.context.support.GenericApplicationContext@65630be5: startup date [Thu Mar 19 11:54:48 IST 2015]; root of context hierarchy
[2015-03-19 11:54:48 IST] <main> org.springframework.beans.factory.config.PropertyPlaceholderConfigurer - INFO: Loading properties file from class path resource [serversettings/ed1.properties]
[2015-03-19 11:54:48 IST] <main> org.springframework.beans.factory.support.DefaultListableBeanFactory - INFO: Pre-instantiating singletons in org.springframework.beans.factory.support.DefaultListableBeanFactory@644bffa1: defining beans [org.springframework.context.annotation.internalConfigurationAnnotationProcessor,org.springframework.context.annotation.internalAutowiredAnnotationProcessor,org.springframework.context.annotation.internalRequiredAnnotationProcessor,org.springframework.context.annotation.internalCommonAnnotationProcessor,propertyUtil,authService,sessionsApi,session,accountService,org.springframework.beans.factory.config.PropertyPlaceholderConfigurer#0]; root of factory hierarchy
[2015-03-19 11:54:49 IST] <main> com.citrix.comm.stack.egw.RpcCommStackFactoryImpl - INFO: Creating comm stack for G2WRPCTest_1426746289137
[2015-03-19 11:57:30 IST] <Thread-0> org.springframework.context.support.GenericApplicationContext - INFO: Closing org.springframework.context.support.GenericApplicationContext@65630be5: startup date [Thu Mar 19 11:54:48 IST 2015]; root of context hierarchy
[2015-03-19 11:57:30 IST] <Thread-0> org.springframework.beans.factory.support.DefaultListableBeanFactory - INFO: Destroying singletons in org.springframework.beans.factory.support.DefaultListableBeanFactory@644bffa1: defining beans [org.springframework.context.annotation.internalConfigurationAnnotationProcessor,org.springframework.context.annotation.internalAutowiredAnnotationProcessor,org.springframework.context.annotation.internalRequiredAnnotationProcessor,org.springframework.context.annotation.internalCommonAnnotationProcessor,propertyUtil,authService,sessionsApi,session,accountService,org.springframework.beans.factory.config.PropertyPlaceholderConfigurer#0]; root of factory hierarchy
[2015-03-19 12:01:16 IST] <main> org.springframework.beans.factory.xml.XmlBeanDefinitionReader - INFO: Loading XML bean definitions from class path resource [base-test.xml]
[2015-03-19 12:01:17 IST] <main> org.springframework.beans.factory.xml.XmlBeanDefinitionReader - INFO: Loading XML bean definitions from class path resource [base-test-ed1.xml]
[2015-03-19 12:01:17 IST] <main> org.springframework.context.support.GenericApplicationContext - INFO: Refreshing org.springframework.context.support.GenericApplicationContext@4b3e2254: startup date [Thu Mar 19 12:01:17 IST 2015]; root of context hierarchy
[2015-03-19 12:01:17 IST] <main> org.springframework.beans.factory.config.PropertyPlaceholderConfigurer - INFO: Loading properties file from class path resource [serversettings/ed1.properties]
[2015-03-19 12:01:17 IST] <main> org.springframework.beans.factory.support.DefaultListableBeanFactory - INFO: Pre-instantiating singletons in org.springframework.beans.factory.support.DefaultListableBeanFactory@2c3b39be: defining beans [org.springframework.context.annotation.internalConfigurationAnnotationProcessor,org.springframework.context.annotation.internalAutowiredAnnotationProcessor,org.springframework.context.annotation.internalRequiredAnnotationProcessor,org.springframework.context.annotation.internalCommonAnnotationProcessor,propertyUtil,authService,sessionsApi,session,accountService,org.springframework.beans.factory.config.PropertyPlaceholderConfigurer#0]; root of factory hierarchy
[2015-03-19 12:01:18 IST] <main> com.citrix.comm.stack.egw.RpcCommStackFactoryImpl - INFO: Creating comm stack for G2WRPCTest_1426746678411
[2015-03-19 12:04:10 IST] <Thread-0> org.springframework.context.support.GenericApplicationContext - INFO: Closing org.springframework.context.support.GenericApplicationContext@4b3e2254: startup date [Thu Mar 19 12:01:17 IST 2015]; root of context hierarchy
[2015-03-19 12:04:10 IST] <Thread-0> org.springframework.beans.factory.support.DefaultListableBeanFactory - INFO: Destroying singletons in org.springframework.beans.factory.support.DefaultListableBeanFactory@2c3b39be: defining beans [org.springframework.context.annotation.internalConfigurationAnnotationProcessor,org.springframework.context.annotation.internalAutowiredAnnotationProcessor,org.springframework.context.annotation.internalRequiredAnnotationProcessor,org.springframework.context.annotation.internalCommonAnnotationProcessor,propertyUtil,authService,sessionsApi,session,accountService,org.springframework.beans.factory.config.PropertyPlaceholderConfigurer#0]; root of factory hierarchy
[2015-03-19 12:40:20 IST] <main> org.springframework.beans.factory.xml.XmlBeanDefinitionReader - INFO: Loading XML bean definitions from class path resource [base-test.xml]
[2015-03-19 12:40:21 IST] <main> org.springframework.beans.factory.xml.XmlBeanDefinitionReader - INFO: Loading XML bean definitions from class path resource [base-test-ed1.xml]
[2015-03-19 12:40:21 IST] <main> org.springframework.context.support.GenericApplicationContext - INFO: Refreshing org.springframework.context.support.GenericApplicationContext@49a21b63: startup date [Thu Mar 19 12:40:21 IST 2015]; root of context hierarchy
[2015-03-19 12:40:21 IST] <main> org.springframework.beans.factory.config.PropertyPlaceholderConfigurer - INFO: Loading properties file from class path resource [serversettings/ed1.properties]
[2015-03-19 12:40:21 IST] <main> org.springframework.beans.factory.support.DefaultListableBeanFactory - INFO: Pre-instantiating singletons in org.springframework.beans.factory.support.DefaultListableBeanFactory@2c3b39be: defining beans [org.springframework.context.annotation.internalConfigurationAnnotationProcessor,org.springframework.context.annotation.internalAutowiredAnnotationProcessor,org.springframework.context.annotation.internalRequiredAnnotationProcessor,org.springframework.context.annotation.internalCommonAnnotationProcessor,propertyUtil,authService,sessionsApi,session,accountService,org.springframework.beans.factory.config.PropertyPlaceholderConfigurer#0]; root of factory hierarchy
[2015-03-19 12:40:22 IST] <main> com.citrix.comm.stack.egw.RpcCommStackFactoryImpl - INFO: Creating comm stack for G2WRPCTest_1426749022726
[2015-03-19 12:43:10 IST] <Thread-0> org.springframework.context.support.GenericApplicationContext - INFO: Closing org.springframework.context.support.GenericApplicationContext@49a21b63: startup date [Thu Mar 19 12:40:21 IST 2015]; root of context hierarchy
[2015-03-19 12:43:10 IST] <Thread-0> org.springframework.beans.factory.support.DefaultListableBeanFactory - INFO: Destroying singletons in org.springframework.beans.factory.support.DefaultListableBeanFactory@2c3b39be: defining beans [org.springframework.context.annotation.internalConfigurationAnnotationProcessor,org.springframework.context.annotation.internalAutowiredAnnotationProcessor,org.springframework.context.annotation.internalRequiredAnnotationProcessor,org.springframework.context.annotation.internalCommonAnnotationProcessor,propertyUtil,authService,sessionsApi,session,accountService,org.springframework.beans.factory.config.PropertyPlaceholderConfigurer#0]; root of factory hierarchy
[2015-03-19 12:43:42 IST] <main> org.springframework.beans.factory.xml.XmlBeanDefinitionReader - INFO: Loading XML bean definitions from class path resource [base-test.xml]
[2015-03-19 12:43:43 IST] <main> org.springframework.beans.factory.xml.XmlBeanDefinitionReader - INFO: Loading XML bean definitions from class path resource [base-test-ed1.xml]
[2015-03-19 12:43:43 IST] <main> org.springframework.context.support.GenericApplicationContext - INFO: Refreshing org.springframework.context.support.GenericApplicationContext@3be16732: startup date [Thu Mar 19 12:43:43 IST 2015]; root of context hierarchy
[2015-03-19 12:43:43 IST] <main> org.springframework.beans.factory.config.PropertyPlaceholderConfigurer - INFO: Loading properties file from class path resource [serversettings/ed1.properties]
[2015-03-19 12:43:43 IST] <main> org.springframework.beans.factory.support.DefaultListableBeanFactory - INFO: Pre-instantiating singletons in org.springframework.beans.factory.support.DefaultListableBeanFactory@2c3b39be: defining beans [org.springframework.context.annotation.internalConfigurationAnnotationProcessor,org.springframework.context.annotation.internalAutowiredAnnotationProcessor,org.springframework.context.annotation.internalRequiredAnnotationProcessor,org.springframework.context.annotation.internalCommonAnnotationProcessor,propertyUtil,authService,sessionsApi,session,accountService,org.springframework.beans.factory.config.PropertyPlaceholderConfigurer#0]; root of factory hierarchy
[2015-03-19 12:43:44 IST] <main> com.citrix.comm.stack.egw.RpcCommStackFactoryImpl - INFO: Creating comm stack for G2WRPCTest_1426749224496
[2015-03-19 12:46:12 IST] <Thread-0> org.springframework.context.support.GenericApplicationContext - INFO: Closing org.springframework.context.support.GenericApplicationContext@3be16732: startup date [Thu Mar 19 12:43:43 IST 2015]; root of context hierarchy
[2015-03-19 12:46:12 IST] <Thread-0> org.springframework.beans.factory.support.DefaultListableBeanFactory - INFO: Destroying singletons in org.springframework.beans.factory.support.DefaultListableBeanFactory@2c3b39be: defining beans [org.springframework.context.annotation.internalConfigurationAnnotationProcessor,org.springframework.context.annotation.internalAutowiredAnnotationProcessor,org.springframework.context.annotation.internalRequiredAnnotationProcessor,org.springframework.context.annotation.internalCommonAnnotationProcessor,propertyUtil,authService,sessionsApi,session,accountService,org.springframework.beans.factory.config.PropertyPlaceholderConfigurer#0]; root of factory hierarchy
[2015-03-19 12:59:16 IST] <main> org.springframework.beans.factory.xml.XmlBeanDefinitionReader - INFO: Loading XML bean definitions from class path resource [base-test.xml]
[2015-03-19 12:59:16 IST] <main> org.springframework.beans.factory.xml.XmlBeanDefinitionReader - INFO: Loading XML bean definitions from class path resource [base-test-ed1.xml]
[2015-03-19 12:59:17 IST] <main> org.springframework.context.support.GenericApplicationContext - INFO: Refreshing org.springframework.context.support.GenericApplicationContext@65630be5: startup date [Thu Mar 19 12:59:17 IST 2015]; root of context hierarchy
[2015-03-19 12:59:17 IST] <main> org.springframework.beans.factory.config.PropertyPlaceholderConfigurer - INFO: Loading properties file from class path resource [serversettings/ed1.properties]
[2015-03-19 12:59:17 IST] <main> org.springframework.beans.factory.support.DefaultListableBeanFactory - INFO: Pre-instantiating singletons in org.springframework.beans.factory.support.DefaultListableBeanFactory@644bffa1: defining beans [org.springframework.context.annotation.internalConfigurationAnnotationProcessor,org.springframework.context.annotation.internalAutowiredAnnotationProcessor,org.springframework.context.annotation.internalRequiredAnnotationProcessor,org.springframework.context.annotation.internalCommonAnnotationProcessor,propertyUtil,authService,sessionsApi,session,accountService,org.springframework.beans.factory.config.PropertyPlaceholderConfigurer#0]; root of factory hierarchy
[2015-03-19 12:59:17 IST] <main> com.citrix.comm.stack.egw.RpcCommStackFactoryImpl - INFO: Creating comm stack for G2WRPCTest_1426750157949
[2015-03-19 13:02:04 IST] <Thread-0> org.springframework.context.support.GenericApplicationContext - INFO: Closing org.springframework.context.support.GenericApplicationContext@65630be5: startup date [Thu Mar 19 12:59:17 IST 2015]; root of context hierarchy
[2015-03-19 13:02:04 IST] <Thread-0> org.springframework.beans.factory.support.DefaultListableBeanFactory - INFO: Destroying singletons in org.springframework.beans.factory.support.DefaultListableBeanFactory@644bffa1: defining beans [org.springframework.context.annotation.internalConfigurationAnnotationProcessor,org.springframework.context.annotation.internalAutowiredAnnotationProcessor,org.springframework.context.annotation.internalRequiredAnnotationProcessor,org.springframework.context.annotation.internalCommonAnnotationProcessor,propertyUtil,authService,sessionsApi,session,accountService,org.springframework.beans.factory.config.PropertyPlaceholderConfigurer#0]; root of factory hierarchy
[2015-03-19 13:03:29 IST] <main> org.springframework.beans.factory.xml.XmlBeanDefinitionReader - INFO: Loading XML bean definitions from class path resource [base-test.xml]
[2015-03-19 13:03:29 IST] <main> org.springframework.beans.factory.xml.XmlBeanDefinitionReader - INFO: Loading XML bean definitions from class path resource [base-test-ed1.xml]
[2015-03-19 13:03:29 IST] <main> org.springframework.context.support.GenericApplicationContext - INFO: Refreshing org.springframework.context.support.GenericApplicationContext@5c3fdf63: startup date [Thu Mar 19 13:03:29 IST 2015]; root of context hierarchy
[2015-03-19 13:03:29 IST] <main> org.springframework.beans.factory.config.PropertyPlaceholderConfigurer - INFO: Loading properties file from class path resource [serversettings/ed1.properties]
[2015-03-19 13:03:29 IST] <main> org.springframework.beans.factory.support.DefaultListableBeanFactory - INFO: Pre-instantiating singletons in org.springframework.beans.factory.support.DefaultListableBeanFactory@2c3b39be: defining beans [org.springframework.context.annotation.internalConfigurationAnnotationProcessor,org.springframework.context.annotation.internalAutowiredAnnotationProcessor,org.springframework.context.annotation.internalRequiredAnnotationProcessor,org.springframework.context.annotation.internalCommonAnnotationProcessor,propertyUtil,authService,sessionsApi,session,accountService,org.springframework.beans.factory.config.PropertyPlaceholderConfigurer#0]; root of factory hierarchy
[2015-03-19 13:03:30 IST] <main> com.citrix.comm.stack.egw.RpcCommStackFactoryImpl - INFO: Creating comm stack for G2WRPCTest_1426750410558
[2015-03-19 13:05:50 IST] <Thread-0> org.springframework.context.support.GenericApplicationContext - INFO: Closing org.springframework.context.support.GenericApplicationContext@5c3fdf63: startup date [Thu Mar 19 13:03:29 IST 2015]; root of context hierarchy
[2015-03-19 13:05:50 IST] <Thread-0> org.springframework.beans.factory.support.DefaultListableBeanFactory - INFO: Destroying singletons in org.springframework.beans.factory.support.DefaultListableBeanFactory@2c3b39be: defining beans [org.springframework.context.annotation.internalConfigurationAnnotationProcessor,org.springframework.context.annotation.internalAutowiredAnnotationProcessor,org.springframework.context.annotation.internalRequiredAnnotationProcessor,org.springframework.context.annotation.internalCommonAnnotationProcessor,propertyUtil,authService,sessionsApi,session,accountService,org.springframework.beans.factory.config.PropertyPlaceholderConfigurer#0]; root of factory hierarchy
[2015-03-19 16:29:26 IST] <main> org.springframework.beans.factory.xml.XmlBeanDefinitionReader - INFO: Loading XML bean definitions from class path resource [base-test.xml]
[2015-03-19 16:29:26 IST] <main> org.springframework.beans.factory.xml.XmlBeanDefinitionReader - INFO: Loading XML bean definitions from class path resource [base-test-ed1.xml]
[2015-03-19 16:29:26 IST] <main> org.springframework.context.support.GenericApplicationContext - INFO: Refreshing org.springframework.context.support.GenericApplicationContext@4b3e2254: startup date [Thu Mar 19 16:29:26 IST 2015]; root of context hierarchy
[2015-03-19 16:29:26 IST] <main> org.springframework.beans.factory.config.PropertyPlaceholderConfigurer - INFO: Loading properties file from class path resource [serversettings/ed1.properties]
[2015-03-19 16:29:26 IST] <main> org.springframework.beans.factory.support.DefaultListableBeanFactory - INFO: Pre-instantiating singletons in org.springframework.beans.factory.support.DefaultListableBeanFactory@21cf3b41: defining beans [org.springframework.context.annotation.internalConfigurationAnnotationProcessor,org.springframework.context.annotation.internalAutowiredAnnotationProcessor,org.springframework.context.annotation.internalRequiredAnnotationProcessor,org.springframework.context.annotation.internalCommonAnnotationProcessor,propertyUtil,authService,sessionsApi,session,accountService,org.springframework.beans.factory.config.PropertyPlaceholderConfigurer#0]; root of factory hierarchy
[2015-03-19 16:29:27 IST] <main> com.citrix.comm.stack.egw.RpcCommStackFactoryImpl - INFO: Creating comm stack for G2WRPCTest_1426762767914
[2015-03-19 16:32:26 IST] <Thread-0> org.springframework.context.support.GenericApplicationContext - INFO: Closing org.springframework.context.support.GenericApplicationContext@4b3e2254: startup date [Thu Mar 19 16:29:26 IST 2015]; root of context hierarchy
[2015-03-19 16:32:26 IST] <Thread-0> org.springframework.beans.factory.support.DefaultListableBeanFactory - INFO: Destroying singletons in org.springframework.beans.factory.support.DefaultListableBeanFactory@21cf3b41: defining beans [org.springframework.context.annotation.internalConfigurationAnnotationProcessor,org.springframework.context.annotation.internalAutowiredAnnotationProcessor,org.springframework.context.annotation.internalRequiredAnnotationProcessor,org.springframework.context.annotation.internalCommonAnnotationProcessor,propertyUtil,authService,sessionsApi,session,accountService,org.springframework.beans.factory.config.PropertyPlaceholderConfigurer#0]; root of factory hierarchy
[2015-03-19 16:33:26 IST] <main> org.springframework.beans.factory.xml.XmlBeanDefinitionReader - INFO: Loading XML bean definitions from class path resource [base-test.xml]
[2015-03-19 16:33:27 IST] <main> org.springframework.beans.factory.xml.XmlBeanDefinitionReader - INFO: Loading XML bean definitions from class path resource [base-test-ed1.xml]
[2015-03-19 16:33:27 IST] <main> org.springframework.context.support.GenericApplicationContext - INFO: Refreshing org.springframework.context.support.GenericApplicationContext@31b42659: startup date [Thu Mar 19 16:33:27 IST 2015]; root of context hierarchy
[2015-03-19 16:33:27 IST] <main> org.springframework.beans.factory.config.PropertyPlaceholderConfigurer - INFO: Loading properties file from class path resource [serversettings/ed1.properties]
[2015-03-19 16:33:27 IST] <main> org.springframework.beans.factory.support.DefaultListableBeanFactory - INFO: Pre-instantiating singletons in org.springframework.beans.factory.support.DefaultListableBeanFactory@397bd678: defining beans [org.springframework.context.annotation.internalConfigurationAnnotationProcessor,org.springframework.context.annotation.internalAutowiredAnnotationProcessor,org.springframework.context.annotation.internalRequiredAnnotationProcessor,org.springframework.context.annotation.internalCommonAnnotationProcessor,propertyUtil,authService,sessionsApi,session,accountService,org.springframework.beans.factory.config.PropertyPlaceholderConfigurer#0]; root of factory hierarchy
[2015-03-19 16:33:28 IST] <main> com.citrix.comm.stack.egw.RpcCommStackFactoryImpl - INFO: Creating comm stack for G2WRPCTest_1426763008857
[2015-03-19 16:36:07 IST] <Thread-0> org.springframework.context.support.GenericApplicationContext - INFO: Closing org.springframework.context.support.GenericApplicationContext@31b42659: startup date [Thu Mar 19 16:33:27 IST 2015]; root of context hierarchy
[2015-03-19 16:36:07 IST] <Thread-0> org.springframework.beans.factory.support.DefaultListableBeanFactory - INFO: Destroying singletons in org.springframework.beans.factory.support.DefaultListableBeanFactory@397bd678: defining beans [org.springframework.context.annotation.internalConfigurationAnnotationProcessor,org.springframework.context.annotation.internalAutowiredAnnotationProcessor,org.springframework.context.annotation.internalRequiredAnnotationProcessor,org.springframework.context.annotation.internalCommonAnnotationProcessor,propertyUtil,authService,sessionsApi,session,accountService,org.springframework.beans.factory.config.PropertyPlaceholderConfigurer#0]; root of factory hierarchy
[2015-03-19 16:40:50 IST] <main> org.springframework.beans.factory.xml.XmlBeanDefinitionReader - INFO: Loading XML bean definitions from class path resource [base-test.xml]
[2015-03-19 16:40:51 IST] <main> org.springframework.beans.factory.xml.XmlBeanDefinitionReader - INFO: Loading XML bean definitions from class path resource [base-test-ed1.xml]
[2015-03-19 16:40:51 IST] <main> org.springframework.context.support.GenericApplicationContext - INFO: Refreshing org.springframework.context.support.GenericApplicationContext@49a21b63: startup date [Thu Mar 19 16:40:51 IST 2015]; root of context hierarchy
[2015-03-19 16:40:51 IST] <main> org.springframework.beans.factory.config.PropertyPlaceholderConfigurer - INFO: Loading properties file from class path resource [serversettings/ed1.properties]
[2015-03-19 16:40:51 IST] <main> org.springframework.beans.factory.support.DefaultListableBeanFactory - INFO: Pre-instantiating singletons in org.springframework.beans.factory.support.DefaultListableBeanFactory@397bd678: defining beans [org.springframework.context.annotation.internalConfigurationAnnotationProcessor,org.springframework.context.annotation.internalAutowiredAnnotationProcessor,org.springframework.context.annotation.internalRequiredAnnotationProcessor,org.springframework.context.annotation.internalCommonAnnotationProcessor,propertyUtil,authService,sessionsApi,session,accountService,org.springframework.beans.factory.config.PropertyPlaceholderConfigurer#0]; root of factory hierarchy
[2015-03-19 16:40:52 IST] <main> com.citrix.comm.stack.egw.RpcCommStackFactoryImpl - INFO: Creating comm stack for G2WRPCTest_1426763452425
[2015-03-19 16:43:45 IST] <Thread-0> org.springframework.context.support.GenericApplicationContext - INFO: Closing org.springframework.context.support.GenericApplicationContext@49a21b63: startup date [Thu Mar 19 16:40:51 IST 2015]; root of context hierarchy
[2015-03-19 16:43:45 IST] <Thread-0> org.springframework.beans.factory.support.DefaultListableBeanFactory - INFO: Destroying singletons in org.springframework.beans.factory.support.DefaultListableBeanFactory@397bd678: defining beans [org.springframework.context.annotation.internalConfigurationAnnotationProcessor,org.springframework.context.annotation.internalAutowiredAnnotationProcessor,org.springframework.context.annotation.internalRequiredAnnotationProcessor,org.springframework.context.annotation.internalCommonAnnotationProcessor,propertyUtil,authService,sessionsApi,session,accountService,org.springframework.beans.factory.config.PropertyPlaceholderConfigurer#0]; root of factory hierarchy
[2015-03-19 16:45:35 IST] <main> org.springframework.beans.factory.xml.XmlBeanDefinitionReader - INFO: Loading XML bean definitions from class path resource [base-test.xml]
[2015-03-19 16:45:36 IST] <main> org.springframework.beans.factory.xml.XmlBeanDefinitionReader - INFO: Loading XML bean definitions from class path resource [base-test-ed1.xml]
[2015-03-19 16:45:36 IST] <main> org.springframework.context.support.GenericApplicationContext - INFO: Refreshing org.springframework.context.support.GenericApplicationContext@49a21b63: startup date [Thu Mar 19 16:45:36 IST 2015]; root of context hierarchy
[2015-03-19 16:45:36 IST] <main> org.springframework.beans.factory.config.PropertyPlaceholderConfigurer - INFO: Loading properties file from class path resource [serversettings/ed1.properties]
[2015-03-19 16:45:36 IST] <main> org.springframework.beans.factory.support.DefaultListableBeanFactory - INFO: Pre-instantiating singletons in org.springframework.beans.factory.support.DefaultListableBeanFactory@7c0bc749: defining beans [org.springframework.context.annotation.internalConfigurationAnnotationProcessor,org.springframework.context.annotation.internalAutowiredAnnotationProcessor,org.springframework.context.annotation.internalRequiredAnnotationProcessor,org.springframework.context.annotation.internalCommonAnnotationProcessor,propertyUtil,authService,sessionsApi,session,accountService,org.springframework.beans.factory.config.PropertyPlaceholderConfigurer#0]; root of factory hierarchy
[2015-03-19 16:45:37 IST] <main> com.citrix.comm.stack.egw.RpcCommStackFactoryImpl - INFO: Creating comm stack for G2WRPCTest_1426763737184
[2015-03-19 16:48:07 IST] <Thread-0> org.springframework.context.support.GenericApplicationContext - INFO: Closing org.springframework.context.support.GenericApplicationContext@49a21b63: startup date [Thu Mar 19 16:45:36 IST 2015]; root of context hierarchy
[2015-03-19 16:48:07 IST] <Thread-0> org.springframework.beans.factory.support.DefaultListableBeanFactory - INFO: Destroying singletons in org.springframework.beans.factory.support.DefaultListableBeanFactory@7c0bc749: defining beans [org.springframework.context.annotation.internalConfigurationAnnotationProcessor,org.springframework.context.annotation.internalAutowiredAnnotationProcessor,org.springframework.context.annotation.internalRequiredAnnotationProcessor,org.springframework.context.annotation.internalCommonAnnotationProcessor,propertyUtil,authService,sessionsApi,session,accountService,org.springframework.beans.factory.config.PropertyPlaceholderConfigurer#0]; root of factory hierarchy
[2015-03-19 19:11:33 IST] <main> org.springframework.beans.factory.xml.XmlBeanDefinitionReader - INFO: Loading XML bean definitions from class path resource [base-test.xml]
[2015-03-19 19:11:33 IST] <main> org.springframework.beans.factory.xml.XmlBeanDefinitionReader - INFO: Loading XML bean definitions from class path resource [base-test-ed1.xml]
[2015-03-19 19:11:33 IST] <main> org.springframework.context.support.GenericApplicationContext - INFO: Refreshing org.springframework.context.support.GenericApplicationContext@3e1fc537: startup date [Thu Mar 19 19:11:33 IST 2015]; root of context hierarchy
[2015-03-19 19:11:33 IST] <main> org.springframework.beans.factory.config.PropertyPlaceholderConfigurer - INFO: Loading properties file from class path resource [serversettings/ed1.properties]
[2015-03-19 19:11:33 IST] <main> org.springframework.beans.factory.support.DefaultListableBeanFactory - INFO: Pre-instantiating singletons in org.springframework.beans.factory.support.DefaultListableBeanFactory@6e2a1389: defining beans [org.springframework.context.annotation.internalConfigurationAnnotationProcessor,org.springframework.context.annotation.internalAutowiredAnnotationProcessor,org.springframework.context.annotation.internalRequiredAnnotationProcessor,org.springframework.context.annotation.internalCommonAnnotationProcessor,propertyUtil,authService,sessionsApi,session,accountService,org.springframework.beans.factory.config.PropertyPlaceholderConfigurer#0]; root of factory hierarchy
[2015-03-19 19:11:36 IST] <main> org.springframework.beans.factory.support.DefaultListableBeanFactory - INFO: Destroying singletons in org.springframework.beans.factory.support.DefaultListableBeanFactory@6e2a1389: defining beans [org.springframework.context.annotation.internalConfigurationAnnotationProcessor,org.springframework.context.annotation.internalAutowiredAnnotationProcessor,org.springframework.context.annotation.internalRequiredAnnotationProcessor,org.springframework.context.annotation.internalCommonAnnotationProcessor,propertyUtil,authService,sessionsApi,session,accountService,org.springframework.beans.factory.config.PropertyPlaceholderConfigurer#0]; root of factory hierarchy
[2015-03-19 19:11:36 IST] <main> org.springframework.test.context.TestContextManager - ERROR: Caught exception while allowing TestExecutionListener [org.springframework.test.context.support.DependencyInjectionTestExecutionListener@3ead443d] to prepare test instance [com.citrix.g2w.webdriver.tests.attendee.recordings.RegisterForRecordingTest@6e556e82]
java.lang.IllegalStateException: Failed to load ApplicationContext
	at org.springframework.test.context.TestContext.getApplicationContext(TestContext.java:308)
	at org.springframework.test.context.support.DependencyInjectionTestExecutionListener.injectDependencies(DependencyInjectionTestExecutionListener.java:109)
	at org.springframework.test.context.support.DependencyInjectionTestExecutionListener.prepareTestInstance(DependencyInjectionTestExecutionListener.java:75)
	at org.springframework.test.context.TestContextManager.prepareTestInstance(TestContextManager.java:321)
	at org.springframework.test.context.testng.AbstractTestNGSpringContextTests.springTestContextPrepareTestInstance(AbstractTestNGSpringContextTests.java:133)
	at sun.reflect.NativeMethodAccessorImpl.invoke0(Native Method)
	at sun.reflect.NativeMethodAccessorImpl.invoke(Unknown Source)
	at sun.reflect.DelegatingMethodAccessorImpl.invoke(Unknown Source)
	at java.lang.reflect.Method.invoke(Unknown Source)
	at org.testng.internal.MethodInvocationHelper.invokeMethod(MethodInvocationHelper.java:84)
	at org.testng.internal.Invoker.invokeConfigurationMethod(Invoker.java:564)
	at org.testng.internal.Invoker.invokeConfigurations(Invoker.java:213)
	at org.testng.internal.Invoker.invokeConfigurations(Invoker.java:138)
	at org.testng.internal.TestMethodWorker.invokeBeforeClassMethods(TestMethodWorker.java:175)
	at org.testng.internal.TestMethodWorker.run(TestMethodWorker.java:107)
	at org.testng.TestRunner.privateRun(TestRunner.java:767)
	at org.testng.TestRunner.run(TestRunner.java:617)
	at org.testng.SuiteRunner.runTest(SuiteRunner.java:334)
	at org.testng.SuiteRunner.runSequentially(SuiteRunner.java:329)
	at org.testng.SuiteRunner.privateRun(SuiteRunner.java:291)
	at org.testng.SuiteRunner.run(SuiteRunner.java:240)
	at org.testng.SuiteRunnerWorker.runSuite(SuiteRunnerWorker.java:52)
	at org.testng.SuiteRunnerWorker.run(SuiteRunnerWorker.java:86)
	at org.testng.TestNG.runSuitesSequentially(TestNG.java:1224)
	at org.testng.TestNG.runSuitesLocally(TestNG.java:1149)
	at org.testng.TestNG.run(TestNG.java:1057)
	at org.testng.remote.RemoteTestNG.run(RemoteTestNG.java:111)
	at org.testng.remote.RemoteTestNG.initAndRun(RemoteTestNG.java:204)
	at org.testng.remote.RemoteTestNG.main(RemoteTestNG.java:175)
Caused by: org.springframework.beans.factory.BeanCreationException: Error creating bean with name 'session': Invocation of init method failed; nested exception is java.lang.RuntimeException: java.net.ConnectException: Connection refused: connect
	at org.springframework.beans.factory.annotation.InitDestroyAnnotationBeanPostProcessor.postProcessBeforeInitialization(InitDestroyAnnotationBeanPostProcessor.java:133)
	at org.springframework.beans.factory.support.AbstractAutowireCapableBeanFactory.applyBeanPostProcessorsBeforeInitialization(AbstractAutowireCapableBeanFactory.java:393)
	at org.springframework.beans.factory.support.AbstractAutowireCapableBeanFactory.initializeBean(AbstractAutowireCapableBeanFactory.java:1415)
	at org.springframework.beans.factory.support.AbstractAutowireCapableBeanFactory.doCreateBean(AbstractAutowireCapableBeanFactory.java:518)
	at org.springframework.beans.factory.support.AbstractAutowireCapableBeanFactory.createBean(AbstractAutowireCapableBeanFactory.java:455)
	at org.springframework.beans.factory.support.AbstractBeanFactory$1.getObject(AbstractBeanFactory.java:293)
	at org.springframework.beans.factory.support.DefaultSingletonBeanRegistry.getSingleton(DefaultSingletonBeanRegistry.java:222)
	at org.springframework.beans.factory.support.AbstractBeanFactory.doGetBean(AbstractBeanFactory.java:290)
	at org.springframework.beans.factory.support.AbstractBeanFactory.getBean(AbstractBeanFactory.java:192)
	at org.springframework.beans.factory.support.DefaultListableBeanFactory.preInstantiateSingletons(DefaultListableBeanFactory.java:585)
	at org.springframework.context.support.AbstractApplicationContext.finishBeanFactoryInitialization(AbstractApplicationContext.java:895)
	at org.springframework.context.support.AbstractApplicationContext.refresh(AbstractApplicationContext.java:425)
	at org.springframework.test.context.support.AbstractGenericContextLoader.loadContext(AbstractGenericContextLoader.java:84)
	at org.springframework.test.context.support.AbstractGenericContextLoader.loadContext(AbstractGenericContextLoader.java:1)
	at org.springframework.test.context.TestContext.loadApplicationContext(TestContext.java:280)
	at org.springframework.test.context.TestContext.getApplicationContext(TestContext.java:304)
	... 28 more
Caused by: java.lang.RuntimeException: java.net.ConnectException: Connection refused: connect
	at com.citrix.g2w.webdriver.clients.Endpoint.<init>(Endpoint.java:140)
	at com.citrix.g2w.webdriver.flows.Session.init(Session.java:405)
	at sun.reflect.NativeMethodAccessorImpl.invoke0(Native Method)
	at sun.reflect.NativeMethodAccessorImpl.invoke(Unknown Source)
	at sun.reflect.DelegatingMethodAccessorImpl.invoke(Unknown Source)
	at java.lang.reflect.Method.invoke(Unknown Source)
	at org.springframework.beans.factory.annotation.InitDestroyAnnotationBeanPostProcessor$LifecycleElement.invoke(InitDestroyAnnotationBeanPostProcessor.java:340)
	at org.springframework.beans.factory.annotation.InitDestroyAnnotationBeanPostProcessor$LifecycleMetadata.invokeInitMethods(InitDestroyAnnotationBeanPostProcessor.java:293)
	at org.springframework.beans.factory.annotation.InitDestroyAnnotationBeanPostProcessor.postProcessBeforeInitialization(InitDestroyAnnotationBeanPostProcessor.java:130)
	... 43 more
Caused by: java.net.ConnectException: Connection refused: connect
	at java.net.DualStackPlainSocketImpl.connect0(Native Method)
	at java.net.DualStackPlainSocketImpl.socketConnect(Unknown Source)
	at java.net.AbstractPlainSocketImpl.doConnect(Unknown Source)
	at java.net.AbstractPlainSocketImpl.connectToAddress(Unknown Source)
	at java.net.AbstractPlainSocketImpl.connect(Unknown Source)
	at java.net.PlainSocketImpl.connect(Unknown Source)
	at java.net.SocksSocketImpl.connect(Unknown Source)
	at java.net.Socket.connect(Unknown Source)
	at java.net.Socket.connect(Unknown Source)
	at java.net.Socket.<init>(Unknown Source)
	at java.net.Socket.<init>(Unknown Source)
	at com.citrix.g2w.webdriver.clients.Endpoint.<init>(Endpoint.java:128)
	... 51 more
[2015-03-19 19:14:20 IST] <main> org.springframework.beans.factory.xml.XmlBeanDefinitionReader - INFO: Loading XML bean definitions from class path resource [base-test.xml]
[2015-03-19 19:14:21 IST] <main> org.springframework.beans.factory.xml.XmlBeanDefinitionReader - INFO: Loading XML bean definitions from class path resource [base-test-ed1.xml]
[2015-03-19 19:14:21 IST] <main> org.springframework.context.support.GenericApplicationContext - INFO: Refreshing org.springframework.context.support.GenericApplicationContext@3e1fc537: startup date [Thu Mar 19 19:14:21 IST 2015]; root of context hierarchy
[2015-03-19 19:14:21 IST] <main> org.springframework.beans.factory.config.PropertyPlaceholderConfigurer - INFO: Loading properties file from class path resource [serversettings/ed1.properties]
[2015-03-19 19:14:21 IST] <main> org.springframework.beans.factory.support.DefaultListableBeanFactory - INFO: Pre-instantiating singletons in org.springframework.beans.factory.support.DefaultListableBeanFactory@50f73eb3: defining beans [org.springframework.context.annotation.internalConfigurationAnnotationProcessor,org.springframework.context.annotation.internalAutowiredAnnotationProcessor,org.springframework.context.annotation.internalRequiredAnnotationProcessor,org.springframework.context.annotation.internalCommonAnnotationProcessor,propertyUtil,authService,sessionsApi,session,accountService,org.springframework.beans.factory.config.PropertyPlaceholderConfigurer#0]; root of factory hierarchy
[2015-03-19 19:14:22 IST] <main> com.citrix.comm.stack.egw.RpcCommStackFactoryImpl - INFO: Creating comm stack for G2WRPCTest_1426772662530
[2015-03-19 19:16:36 IST] <Thread-0> org.springframework.context.support.GenericApplicationContext - INFO: Closing org.springframework.context.support.GenericApplicationContext@3e1fc537: startup date [Thu Mar 19 19:14:21 IST 2015]; root of context hierarchy
[2015-03-19 19:16:36 IST] <Thread-0> org.springframework.beans.factory.support.DefaultListableBeanFactory - INFO: Destroying singletons in org.springframework.beans.factory.support.DefaultListableBeanFactory@50f73eb3: defining beans [org.springframework.context.annotation.internalConfigurationAnnotationProcessor,org.springframework.context.annotation.internalAutowiredAnnotationProcessor,org.springframework.context.annotation.internalRequiredAnnotationProcessor,org.springframework.context.annotation.internalCommonAnnotationProcessor,propertyUtil,authService,sessionsApi,session,accountService,org.springframework.beans.factory.config.PropertyPlaceholderConfigurer#0]; root of factory hierarchy
[2015-03-19 19:17:37 IST] <main> org.springframework.beans.factory.xml.XmlBeanDefinitionReader - INFO: Loading XML bean definitions from class path resource [base-test.xml]
[2015-03-19 19:17:37 IST] <main> org.springframework.beans.factory.xml.XmlBeanDefinitionReader - INFO: Loading XML bean definitions from class path resource [base-test-ed1.xml]
[2015-03-19 19:17:37 IST] <main> org.springframework.context.support.GenericApplicationContext - INFO: Refreshing org.springframework.context.support.GenericApplicationContext@3e1fc537: startup date [Thu Mar 19 19:17:37 IST 2015]; root of context hierarchy
[2015-03-19 19:17:37 IST] <main> org.springframework.beans.factory.config.PropertyPlaceholderConfigurer - INFO: Loading properties file from class path resource [serversettings/ed1.properties]
[2015-03-19 19:17:37 IST] <main> org.springframework.beans.factory.support.DefaultListableBeanFactory - INFO: Pre-instantiating singletons in org.springframework.beans.factory.support.DefaultListableBeanFactory@50f73eb3: defining beans [org.springframework.context.annotation.internalConfigurationAnnotationProcessor,org.springframework.context.annotation.internalAutowiredAnnotationProcessor,org.springframework.context.annotation.internalRequiredAnnotationProcessor,org.springframework.context.annotation.internalCommonAnnotationProcessor,propertyUtil,authService,sessionsApi,session,accountService,org.springframework.beans.factory.config.PropertyPlaceholderConfigurer#0]; root of factory hierarchy
[2015-03-19 19:17:38 IST] <main> com.citrix.comm.stack.egw.RpcCommStackFactoryImpl - INFO: Creating comm stack for G2WRPCTest_1426772858498
[2015-03-19 19:19:55 IST] <Thread-0> org.springframework.context.support.GenericApplicationContext - INFO: Closing org.springframework.context.support.GenericApplicationContext@3e1fc537: startup date [Thu Mar 19 19:17:37 IST 2015]; root of context hierarchy
[2015-03-19 19:19:55 IST] <Thread-0> org.springframework.beans.factory.support.DefaultListableBeanFactory - INFO: Destroying singletons in org.springframework.beans.factory.support.DefaultListableBeanFactory@50f73eb3: defining beans [org.springframework.context.annotation.internalConfigurationAnnotationProcessor,org.springframework.context.annotation.internalAutowiredAnnotationProcessor,org.springframework.context.annotation.internalRequiredAnnotationProcessor,org.springframework.context.annotation.internalCommonAnnotationProcessor,propertyUtil,authService,sessionsApi,session,accountService,org.springframework.beans.factory.config.PropertyPlaceholderConfigurer#0]; root of factory hierarchy
[2015-03-19 19:22:30 IST] <main> org.springframework.beans.factory.xml.XmlBeanDefinitionReader - INFO: Loading XML bean definitions from class path resource [base-test.xml]
[2015-03-19 19:22:30 IST] <main> org.springframework.beans.factory.xml.XmlBeanDefinitionReader - INFO: Loading XML bean definitions from class path resource [base-test-ed1.xml]
[2015-03-19 19:22:31 IST] <main> org.springframework.context.support.GenericApplicationContext - INFO: Refreshing org.springframework.context.support.GenericApplicationContext@4ad98e85: startup date [Thu Mar 19 19:22:31 IST 2015]; root of context hierarchy
[2015-03-19 19:22:31 IST] <main> org.springframework.beans.factory.config.PropertyPlaceholderConfigurer - INFO: Loading properties file from class path resource [serversettings/ed1.properties]
[2015-03-19 19:22:31 IST] <main> org.springframework.beans.factory.support.DefaultListableBeanFactory - INFO: Pre-instantiating singletons in org.springframework.beans.factory.support.DefaultListableBeanFactory@253a252a: defining beans [org.springframework.context.annotation.internalConfigurationAnnotationProcessor,org.springframework.context.annotation.internalAutowiredAnnotationProcessor,org.springframework.context.annotation.internalRequiredAnnotationProcessor,org.springframework.context.annotation.internalCommonAnnotationProcessor,propertyUtil,authService,sessionsApi,session,accountService,org.springframework.beans.factory.config.PropertyPlaceholderConfigurer#0]; root of factory hierarchy
[2015-03-19 19:22:31 IST] <main> com.citrix.comm.stack.egw.RpcCommStackFactoryImpl - INFO: Creating comm stack for G2WRPCTest_1426773151910
[2015-03-19 19:24:48 IST] <Thread-0> org.springframework.context.support.GenericApplicationContext - INFO: Closing org.springframework.context.support.GenericApplicationContext@4ad98e85: startup date [Thu Mar 19 19:22:31 IST 2015]; root of context hierarchy
[2015-03-19 19:24:48 IST] <Thread-0> org.springframework.beans.factory.support.DefaultListableBeanFactory - INFO: Destroying singletons in org.springframework.beans.factory.support.DefaultListableBeanFactory@253a252a: defining beans [org.springframework.context.annotation.internalConfigurationAnnotationProcessor,org.springframework.context.annotation.internalAutowiredAnnotationProcessor,org.springframework.context.annotation.internalRequiredAnnotationProcessor,org.springframework.context.annotation.internalCommonAnnotationProcessor,propertyUtil,authService,sessionsApi,session,accountService,org.springframework.beans.factory.config.PropertyPlaceholderConfigurer#0]; root of factory hierarchy
