[2015-03-20 11:35:44 IST] <main> org.springframework.beans.factory.xml.XmlBeanDefinitionReader - INFO: Loading XML bean definitions from class path resource [base-test.xml]
[2015-03-20 11:35:45 IST] <main> org.springframework.beans.factory.xml.XmlBeanDefinitionReader - INFO: Loading XML bean definitions from class path resource [base-test-ed1.xml]
[2015-03-20 11:35:45 IST] <main> org.springframework.context.support.GenericApplicationContext - INFO: Refreshing org.springframework.context.support.GenericApplicationContext@3e1fc537: startup date [Fri Mar 20 11:35:45 IST 2015]; root of context hierarchy
[2015-03-20 11:35:45 IST] <main> org.springframework.beans.factory.config.PropertyPlaceholderConfigurer - INFO: Loading properties file from class path resource [serversettings/ed1.properties]
[2015-03-20 11:35:45 IST] <main> org.springframework.beans.factory.support.DefaultListableBeanFactory - INFO: Pre-instantiating singletons in org.springframework.beans.factory.support.DefaultListableBeanFactory@6e2a1389: defining beans [org.springframework.context.annotation.internalConfigurationAnnotationProcessor,org.springframework.context.annotation.internalAutowiredAnnotationProcessor,org.springframework.context.annotation.internalRequiredAnnotationProcessor,org.springframework.context.annotation.internalCommonAnnotationProcessor,propertyUtil,authService,sessionsApi,session,accountService,org.springframework.beans.factory.config.PropertyPlaceholderConfigurer#0]; root of factory hierarchy
[2015-03-20 11:35:47 IST] <main> org.springframework.beans.factory.support.DefaultListableBeanFactory - INFO: Destroying singletons in org.springframework.beans.factory.support.DefaultListableBeanFactory@6e2a1389: defining beans [org.springframework.context.annotation.internalConfigurationAnnotationProcessor,org.springframework.context.annotation.internalAutowiredAnnotationProcessor,org.springframework.context.annotation.internalRequiredAnnotationProcessor,org.springframework.context.annotation.internalCommonAnnotationProcessor,propertyUtil,authService,sessionsApi,session,accountService,org.springframework.beans.factory.config.PropertyPlaceholderConfigurer#0]; root of factory hierarchy
[2015-03-20 11:35:47 IST] <main> org.springframework.test.context.TestContextManager - ERROR: Caught exception while allowing TestExecutionListener [org.springframework.test.context.support.DependencyInjectionTestExecutionListener@3ead443d] to prepare test instance [com.citrix.g2w.webdriver.tests.attendee.recordings.RegisterForRecordingTest@48a5d3d5]
java.lang.IllegalStateException: Failed to load ApplicationContext
	at org.springframework.test.context.TestContext.getApplicationContext(TestContext.java:308)
	at org.springframework.test.context.support.DependencyInjectionTestExecutionListener.injectDependencies(DependencyInjectionTestExecutionListener.java:109)
	at org.springframework.test.context.support.DependencyInjectionTestExecutionListener.prepareTestInstance(DependencyInjectionTestExecutionListener.java:75)
	at org.springframework.test.context.TestContextManager.prepareTestInstance(TestContextManager.java:321)
	at org.springframework.test.context.testng.AbstractTestNGSpringContextTests.springTestContextPrepareTestInstance(AbstractTestNGSpringContextTests.java:133)
	at sun.reflect.NativeMethodAccessorImpl.invoke0(Native Method)
	at sun.reflect.NativeMethodAccessorImpl.invoke(Unknown Source)
	at sun.reflect.DelegatingMethodAccessorImpl.invoke(Unknown Source)
	at java.lang.reflect.Method.invoke(Unknown Source)
	at org.testng.internal.MethodInvocationHelper.invokeMethod(MethodInvocationHelper.java:84)
	at org.testng.internal.Invoker.invokeConfigurationMethod(Invoker.java:564)
	at org.testng.internal.Invoker.invokeConfigurations(Invoker.java:213)
	at org.testng.internal.Invoker.invokeConfigurations(Invoker.java:138)
	at org.testng.internal.TestMethodWorker.invokeBeforeClassMethods(TestMethodWorker.java:175)
	at org.testng.internal.TestMethodWorker.run(TestMethodWorker.java:107)
	at org.testng.TestRunner.privateRun(TestRunner.java:767)
	at org.testng.TestRunner.run(TestRunner.java:617)
	at org.testng.SuiteRunner.runTest(SuiteRunner.java:334)
	at org.testng.SuiteRunner.runSequentially(SuiteRunner.java:329)
	at org.testng.SuiteRunner.privateRun(SuiteRunner.java:291)
	at org.testng.SuiteRunner.run(SuiteRunner.java:240)
	at org.testng.SuiteRunnerWorker.runSuite(SuiteRunnerWorker.java:52)
	at org.testng.SuiteRunnerWorker.run(SuiteRunnerWorker.java:86)
	at org.testng.TestNG.runSuitesSequentially(TestNG.java:1224)
	at org.testng.TestNG.runSuitesLocally(TestNG.java:1149)
	at org.testng.TestNG.run(TestNG.java:1057)
	at org.testng.remote.RemoteTestNG.run(RemoteTestNG.java:111)
	at org.testng.remote.RemoteTestNG.initAndRun(RemoteTestNG.java:204)
	at org.testng.remote.RemoteTestNG.main(RemoteTestNG.java:175)
Caused by: org.springframework.beans.factory.BeanCreationException: Error creating bean with name 'session': Invocation of init method failed; nested exception is java.lang.RuntimeException: java.net.ConnectException: Connection refused: connect
	at org.springframework.beans.factory.annotation.InitDestroyAnnotationBeanPostProcessor.postProcessBeforeInitialization(InitDestroyAnnotationBeanPostProcessor.java:133)
	at org.springframework.beans.factory.support.AbstractAutowireCapableBeanFactory.applyBeanPostProcessorsBeforeInitialization(AbstractAutowireCapableBeanFactory.java:393)
	at org.springframework.beans.factory.support.AbstractAutowireCapableBeanFactory.initializeBean(AbstractAutowireCapableBeanFactory.java:1415)
	at org.springframework.beans.factory.support.AbstractAutowireCapableBeanFactory.doCreateBean(AbstractAutowireCapableBeanFactory.java:518)
	at org.springframework.beans.factory.support.AbstractAutowireCapableBeanFactory.createBean(AbstractAutowireCapableBeanFactory.java:455)
	at org.springframework.beans.factory.support.AbstractBeanFactory$1.getObject(AbstractBeanFactory.java:293)
	at org.springframework.beans.factory.support.DefaultSingletonBeanRegistry.getSingleton(DefaultSingletonBeanRegistry.java:222)
	at org.springframework.beans.factory.support.AbstractBeanFactory.doGetBean(AbstractBeanFactory.java:290)
	at org.springframework.beans.factory.support.AbstractBeanFactory.getBean(AbstractBeanFactory.java:192)
	at org.springframework.beans.factory.support.DefaultListableBeanFactory.preInstantiateSingletons(DefaultListableBeanFactory.java:585)
	at org.springframework.context.support.AbstractApplicationContext.finishBeanFactoryInitialization(AbstractApplicationContext.java:895)
	at org.springframework.context.support.AbstractApplicationContext.refresh(AbstractApplicationContext.java:425)
	at org.springframework.test.context.support.AbstractGenericContextLoader.loadContext(AbstractGenericContextLoader.java:84)
	at org.springframework.test.context.support.AbstractGenericContextLoader.loadContext(AbstractGenericContextLoader.java:1)
	at org.springframework.test.context.TestContext.loadApplicationContext(TestContext.java:280)
	at org.springframework.test.context.TestContext.getApplicationContext(TestContext.java:304)
	... 28 more
Caused by: java.lang.RuntimeException: java.net.ConnectException: Connection refused: connect
	at com.citrix.g2w.webdriver.clients.Endpoint.<init>(Endpoint.java:140)
	at com.citrix.g2w.webdriver.flows.Session.init(Session.java:405)
	at sun.reflect.NativeMethodAccessorImpl.invoke0(Native Method)
	at sun.reflect.NativeMethodAccessorImpl.invoke(Unknown Source)
	at sun.reflect.DelegatingMethodAccessorImpl.invoke(Unknown Source)
	at java.lang.reflect.Method.invoke(Unknown Source)
	at org.springframework.beans.factory.annotation.InitDestroyAnnotationBeanPostProcessor$LifecycleElement.invoke(InitDestroyAnnotationBeanPostProcessor.java:340)
	at org.springframework.beans.factory.annotation.InitDestroyAnnotationBeanPostProcessor$LifecycleMetadata.invokeInitMethods(InitDestroyAnnotationBeanPostProcessor.java:293)
	at org.springframework.beans.factory.annotation.InitDestroyAnnotationBeanPostProcessor.postProcessBeforeInitialization(InitDestroyAnnotationBeanPostProcessor.java:130)
	... 43 more
Caused by: java.net.ConnectException: Connection refused: connect
	at java.net.DualStackPlainSocketImpl.connect0(Native Method)
	at java.net.DualStackPlainSocketImpl.socketConnect(Unknown Source)
	at java.net.AbstractPlainSocketImpl.doConnect(Unknown Source)
	at java.net.AbstractPlainSocketImpl.connectToAddress(Unknown Source)
	at java.net.AbstractPlainSocketImpl.connect(Unknown Source)
	at java.net.PlainSocketImpl.connect(Unknown Source)
	at java.net.SocksSocketImpl.connect(Unknown Source)
	at java.net.Socket.connect(Unknown Source)
	at java.net.Socket.connect(Unknown Source)
	at java.net.Socket.<init>(Unknown Source)
	at java.net.Socket.<init>(Unknown Source)
	at com.citrix.g2w.webdriver.clients.Endpoint.<init>(Endpoint.java:128)
	... 51 more
[2015-03-20 11:37:00 IST] <main> org.springframework.beans.factory.xml.XmlBeanDefinitionReader - INFO: Loading XML bean definitions from class path resource [base-test.xml]
[2015-03-20 11:37:00 IST] <main> org.springframework.beans.factory.xml.XmlBeanDefinitionReader - INFO: Loading XML bean definitions from class path resource [base-test-ed1.xml]
[2015-03-20 11:37:01 IST] <main> org.springframework.context.support.GenericApplicationContext - INFO: Refreshing org.springframework.context.support.GenericApplicationContext@111be427: startup date [Fri Mar 20 11:37:01 IST 2015]; root of context hierarchy
[2015-03-20 11:37:01 IST] <main> org.springframework.beans.factory.config.PropertyPlaceholderConfigurer - INFO: Loading properties file from class path resource [serversettings/ed1.properties]
[2015-03-20 11:37:01 IST] <main> org.springframework.beans.factory.support.DefaultListableBeanFactory - INFO: Pre-instantiating singletons in org.springframework.beans.factory.support.DefaultListableBeanFactory@310d117d: defining beans [org.springframework.context.annotation.internalConfigurationAnnotationProcessor,org.springframework.context.annotation.internalAutowiredAnnotationProcessor,org.springframework.context.annotation.internalRequiredAnnotationProcessor,org.springframework.context.annotation.internalCommonAnnotationProcessor,propertyUtil,authService,sessionsApi,session,accountService,org.springframework.beans.factory.config.PropertyPlaceholderConfigurer#0]; root of factory hierarchy
[2015-03-20 11:37:03 IST] <main> org.springframework.beans.factory.support.DefaultListableBeanFactory - INFO: Destroying singletons in org.springframework.beans.factory.support.DefaultListableBeanFactory@310d117d: defining beans [org.springframework.context.annotation.internalConfigurationAnnotationProcessor,org.springframework.context.annotation.internalAutowiredAnnotationProcessor,org.springframework.context.annotation.internalRequiredAnnotationProcessor,org.springframework.context.annotation.internalCommonAnnotationProcessor,propertyUtil,authService,sessionsApi,session,accountService,org.springframework.beans.factory.config.PropertyPlaceholderConfigurer#0]; root of factory hierarchy
[2015-03-20 11:37:03 IST] <main> org.springframework.test.context.TestContextManager - ERROR: Caught exception while allowing TestExecutionListener [org.springframework.test.context.support.DependencyInjectionTestExecutionListener@25cf9e7f] to prepare test instance [com.citrix.g2w.webdriver.tests.attendee.recordings.RegisterForRecordingTest@38dddee8]
java.lang.IllegalStateException: Failed to load ApplicationContext
	at org.springframework.test.context.TestContext.getApplicationContext(TestContext.java:308)
	at org.springframework.test.context.support.DependencyInjectionTestExecutionListener.injectDependencies(DependencyInjectionTestExecutionListener.java:109)
	at org.springframework.test.context.support.DependencyInjectionTestExecutionListener.prepareTestInstance(DependencyInjectionTestExecutionListener.java:75)
	at org.springframework.test.context.TestContextManager.prepareTestInstance(TestContextManager.java:321)
	at org.springframework.test.context.testng.AbstractTestNGSpringContextTests.springTestContextPrepareTestInstance(AbstractTestNGSpringContextTests.java:133)
	at sun.reflect.NativeMethodAccessorImpl.invoke0(Native Method)
	at sun.reflect.NativeMethodAccessorImpl.invoke(Unknown Source)
	at sun.reflect.DelegatingMethodAccessorImpl.invoke(Unknown Source)
	at java.lang.reflect.Method.invoke(Unknown Source)
	at org.testng.internal.MethodInvocationHelper.invokeMethod(MethodInvocationHelper.java:84)
	at org.testng.internal.Invoker.invokeConfigurationMethod(Invoker.java:564)
	at org.testng.internal.Invoker.invokeConfigurations(Invoker.java:213)
	at org.testng.internal.Invoker.invokeConfigurations(Invoker.java:138)
	at org.testng.internal.TestMethodWorker.invokeBeforeClassMethods(TestMethodWorker.java:175)
	at org.testng.internal.TestMethodWorker.run(TestMethodWorker.java:107)
	at org.testng.TestRunner.privateRun(TestRunner.java:767)
	at org.testng.TestRunner.run(TestRunner.java:617)
	at org.testng.SuiteRunner.runTest(SuiteRunner.java:334)
	at org.testng.SuiteRunner.runSequentially(SuiteRunner.java:329)
	at org.testng.SuiteRunner.privateRun(SuiteRunner.java:291)
	at org.testng.SuiteRunner.run(SuiteRunner.java:240)
	at org.testng.SuiteRunnerWorker.runSuite(SuiteRunnerWorker.java:52)
	at org.testng.SuiteRunnerWorker.run(SuiteRunnerWorker.java:86)
	at org.testng.TestNG.runSuitesSequentially(TestNG.java:1224)
	at org.testng.TestNG.runSuitesLocally(TestNG.java:1149)
	at org.testng.TestNG.run(TestNG.java:1057)
	at org.testng.remote.RemoteTestNG.run(RemoteTestNG.java:111)
	at org.testng.remote.RemoteTestNG.initAndRun(RemoteTestNG.java:204)
	at org.testng.remote.RemoteTestNG.main(RemoteTestNG.java:175)
Caused by: org.springframework.beans.factory.BeanCreationException: Error creating bean with name 'session': Invocation of init method failed; nested exception is java.lang.RuntimeException: java.net.ConnectException: Connection refused: connect
	at org.springframework.beans.factory.annotation.InitDestroyAnnotationBeanPostProcessor.postProcessBeforeInitialization(InitDestroyAnnotationBeanPostProcessor.java:133)
	at org.springframework.beans.factory.support.AbstractAutowireCapableBeanFactory.applyBeanPostProcessorsBeforeInitialization(AbstractAutowireCapableBeanFactory.java:393)
	at org.springframework.beans.factory.support.AbstractAutowireCapableBeanFactory.initializeBean(AbstractAutowireCapableBeanFactory.java:1415)
	at org.springframework.beans.factory.support.AbstractAutowireCapableBeanFactory.doCreateBean(AbstractAutowireCapableBeanFactory.java:518)
	at org.springframework.beans.factory.support.AbstractAutowireCapableBeanFactory.createBean(AbstractAutowireCapableBeanFactory.java:455)
	at org.springframework.beans.factory.support.AbstractBeanFactory$1.getObject(AbstractBeanFactory.java:293)
	at org.springframework.beans.factory.support.DefaultSingletonBeanRegistry.getSingleton(DefaultSingletonBeanRegistry.java:222)
	at org.springframework.beans.factory.support.AbstractBeanFactory.doGetBean(AbstractBeanFactory.java:290)
	at org.springframework.beans.factory.support.AbstractBeanFactory.getBean(AbstractBeanFactory.java:192)
	at org.springframework.beans.factory.support.DefaultListableBeanFactory.preInstantiateSingletons(DefaultListableBeanFactory.java:585)
	at org.springframework.context.support.AbstractApplicationContext.finishBeanFactoryInitialization(AbstractApplicationContext.java:895)
	at org.springframework.context.support.AbstractApplicationContext.refresh(AbstractApplicationContext.java:425)
	at org.springframework.test.context.support.AbstractGenericContextLoader.loadContext(AbstractGenericContextLoader.java:84)
	at org.springframework.test.context.support.AbstractGenericContextLoader.loadContext(AbstractGenericContextLoader.java:1)
	at org.springframework.test.context.TestContext.loadApplicationContext(TestContext.java:280)
	at org.springframework.test.context.TestContext.getApplicationContext(TestContext.java:304)
	... 28 more
Caused by: java.lang.RuntimeException: java.net.ConnectException: Connection refused: connect
	at com.citrix.g2w.webdriver.clients.Endpoint.<init>(Endpoint.java:140)
	at com.citrix.g2w.webdriver.flows.Session.init(Session.java:405)
	at sun.reflect.NativeMethodAccessorImpl.invoke0(Native Method)
	at sun.reflect.NativeMethodAccessorImpl.invoke(Unknown Source)
	at sun.reflect.DelegatingMethodAccessorImpl.invoke(Unknown Source)
	at java.lang.reflect.Method.invoke(Unknown Source)
	at org.springframework.beans.factory.annotation.InitDestroyAnnotationBeanPostProcessor$LifecycleElement.invoke(InitDestroyAnnotationBeanPostProcessor.java:340)
	at org.springframework.beans.factory.annotation.InitDestroyAnnotationBeanPostProcessor$LifecycleMetadata.invokeInitMethods(InitDestroyAnnotationBeanPostProcessor.java:293)
	at org.springframework.beans.factory.annotation.InitDestroyAnnotationBeanPostProcessor.postProcessBeforeInitialization(InitDestroyAnnotationBeanPostProcessor.java:130)
	... 43 more
Caused by: java.net.ConnectException: Connection refused: connect
	at java.net.DualStackPlainSocketImpl.connect0(Native Method)
	at java.net.DualStackPlainSocketImpl.socketConnect(Unknown Source)
	at java.net.AbstractPlainSocketImpl.doConnect(Unknown Source)
	at java.net.AbstractPlainSocketImpl.connectToAddress(Unknown Source)
	at java.net.AbstractPlainSocketImpl.connect(Unknown Source)
	at java.net.PlainSocketImpl.connect(Unknown Source)
	at java.net.SocksSocketImpl.connect(Unknown Source)
	at java.net.Socket.connect(Unknown Source)
	at java.net.Socket.connect(Unknown Source)
	at java.net.Socket.<init>(Unknown Source)
	at java.net.Socket.<init>(Unknown Source)
	at com.citrix.g2w.webdriver.clients.Endpoint.<init>(Endpoint.java:128)
	... 51 more
[2015-03-20 11:54:12 IST] <main> org.springframework.beans.factory.xml.XmlBeanDefinitionReader - INFO: Loading XML bean definitions from class path resource [base-test.xml]
[2015-03-20 11:54:12 IST] <main> org.springframework.beans.factory.xml.XmlBeanDefinitionReader - INFO: Loading XML bean definitions from class path resource [base-test-ed1.xml]
[2015-03-20 11:54:12 IST] <main> org.springframework.context.support.GenericApplicationContext - INFO: Refreshing org.springframework.context.support.GenericApplicationContext@5c3fdf63: startup date [Fri Mar 20 11:54:12 IST 2015]; root of context hierarchy
[2015-03-20 11:54:13 IST] <main> org.springframework.beans.factory.config.PropertyPlaceholderConfigurer - INFO: Loading properties file from class path resource [serversettings/ed1.properties]
[2015-03-20 11:54:13 IST] <main> org.springframework.beans.factory.support.DefaultListableBeanFactory - INFO: Pre-instantiating singletons in org.springframework.beans.factory.support.DefaultListableBeanFactory@397bd678: defining beans [org.springframework.context.annotation.internalConfigurationAnnotationProcessor,org.springframework.context.annotation.internalAutowiredAnnotationProcessor,org.springframework.context.annotation.internalRequiredAnnotationProcessor,org.springframework.context.annotation.internalCommonAnnotationProcessor,propertyUtil,authService,sessionsApi,session,accountService,org.springframework.beans.factory.config.PropertyPlaceholderConfigurer#0]; root of factory hierarchy
[2015-03-20 11:54:14 IST] <main> com.citrix.comm.stack.egw.RpcCommStackFactoryImpl - INFO: Creating comm stack for G2WRPCTest_1426832654175
[2015-03-20 11:56:50 IST] <Thread-0> org.springframework.context.support.GenericApplicationContext - INFO: Closing org.springframework.context.support.GenericApplicationContext@5c3fdf63: startup date [Fri Mar 20 11:54:12 IST 2015]; root of context hierarchy
[2015-03-20 11:56:50 IST] <Thread-0> org.springframework.beans.factory.support.DefaultListableBeanFactory - INFO: Destroying singletons in org.springframework.beans.factory.support.DefaultListableBeanFactory@397bd678: defining beans [org.springframework.context.annotation.internalConfigurationAnnotationProcessor,org.springframework.context.annotation.internalAutowiredAnnotationProcessor,org.springframework.context.annotation.internalRequiredAnnotationProcessor,org.springframework.context.annotation.internalCommonAnnotationProcessor,propertyUtil,authService,sessionsApi,session,accountService,org.springframework.beans.factory.config.PropertyPlaceholderConfigurer#0]; root of factory hierarchy
[2015-03-20 12:18:13 IST] <main> org.springframework.beans.factory.xml.XmlBeanDefinitionReader - INFO: Loading XML bean definitions from class path resource [base-test.xml]
[2015-03-20 12:18:14 IST] <main> org.springframework.beans.factory.xml.XmlBeanDefinitionReader - INFO: Loading XML bean definitions from class path resource [base-test-ed1.xml]
[2015-03-20 12:18:14 IST] <main> org.springframework.context.support.GenericApplicationContext - INFO: Refreshing org.springframework.context.support.GenericApplicationContext@49a21b63: startup date [Fri Mar 20 12:18:14 IST 2015]; root of context hierarchy
[2015-03-20 12:18:14 IST] <main> org.springframework.beans.factory.config.PropertyPlaceholderConfigurer - INFO: Loading properties file from class path resource [serversettings/ed1.properties]
[2015-03-20 12:18:14 IST] <main> org.springframework.beans.factory.support.DefaultListableBeanFactory - INFO: Pre-instantiating singletons in org.springframework.beans.factory.support.DefaultListableBeanFactory@644bffa1: defining beans [org.springframework.context.annotation.internalConfigurationAnnotationProcessor,org.springframework.context.annotation.internalAutowiredAnnotationProcessor,org.springframework.context.annotation.internalRequiredAnnotationProcessor,org.springframework.context.annotation.internalCommonAnnotationProcessor,propertyUtil,authService,sessionsApi,session,accountService,org.springframework.beans.factory.config.PropertyPlaceholderConfigurer#0]; root of factory hierarchy
[2015-03-20 12:18:15 IST] <main> com.citrix.comm.stack.egw.RpcCommStackFactoryImpl - INFO: Creating comm stack for G2WRPCTest_1426834095403
[2015-03-20 12:20:49 IST] <Thread-0> org.springframework.context.support.GenericApplicationContext - INFO: Closing org.springframework.context.support.GenericApplicationContext@49a21b63: startup date [Fri Mar 20 12:18:14 IST 2015]; root of context hierarchy
[2015-03-20 12:20:49 IST] <Thread-0> org.springframework.beans.factory.support.DefaultListableBeanFactory - INFO: Destroying singletons in org.springframework.beans.factory.support.DefaultListableBeanFactory@644bffa1: defining beans [org.springframework.context.annotation.internalConfigurationAnnotationProcessor,org.springframework.context.annotation.internalAutowiredAnnotationProcessor,org.springframework.context.annotation.internalRequiredAnnotationProcessor,org.springframework.context.annotation.internalCommonAnnotationProcessor,propertyUtil,authService,sessionsApi,session,accountService,org.springframework.beans.factory.config.PropertyPlaceholderConfigurer#0]; root of factory hierarchy
[2015-03-20 12:22:47 IST] <main> org.springframework.beans.factory.xml.XmlBeanDefinitionReader - INFO: Loading XML bean definitions from class path resource [base-test.xml]
[2015-03-20 12:22:47 IST] <main> org.springframework.beans.factory.xml.XmlBeanDefinitionReader - INFO: Loading XML bean definitions from class path resource [base-test-ed1.xml]
[2015-03-20 12:22:48 IST] <main> org.springframework.context.support.GenericApplicationContext - INFO: Refreshing org.springframework.context.support.GenericApplicationContext@31b42659: startup date [Fri Mar 20 12:22:48 IST 2015]; root of context hierarchy
[2015-03-20 12:22:48 IST] <main> org.springframework.beans.factory.config.PropertyPlaceholderConfigurer - INFO: Loading properties file from class path resource [serversettings/ed1.properties]
[2015-03-20 12:22:48 IST] <main> org.springframework.beans.factory.support.DefaultListableBeanFactory - INFO: Pre-instantiating singletons in org.springframework.beans.factory.support.DefaultListableBeanFactory@644bffa1: defining beans [org.springframework.context.annotation.internalConfigurationAnnotationProcessor,org.springframework.context.annotation.internalAutowiredAnnotationProcessor,org.springframework.context.annotation.internalRequiredAnnotationProcessor,org.springframework.context.annotation.internalCommonAnnotationProcessor,propertyUtil,authService,sessionsApi,session,accountService,org.springframework.beans.factory.config.PropertyPlaceholderConfigurer#0]; root of factory hierarchy
[2015-03-20 12:22:49 IST] <main> com.citrix.comm.stack.egw.RpcCommStackFactoryImpl - INFO: Creating comm stack for G2WRPCTest_1426834369085
[2015-03-20 12:25:20 IST] <Thread-0> org.springframework.context.support.GenericApplicationContext - INFO: Closing org.springframework.context.support.GenericApplicationContext@31b42659: startup date [Fri Mar 20 12:22:48 IST 2015]; root of context hierarchy
[2015-03-20 12:25:20 IST] <Thread-0> org.springframework.beans.factory.support.DefaultListableBeanFactory - INFO: Destroying singletons in org.springframework.beans.factory.support.DefaultListableBeanFactory@644bffa1: defining beans [org.springframework.context.annotation.internalConfigurationAnnotationProcessor,org.springframework.context.annotation.internalAutowiredAnnotationProcessor,org.springframework.context.annotation.internalRequiredAnnotationProcessor,org.springframework.context.annotation.internalCommonAnnotationProcessor,propertyUtil,authService,sessionsApi,session,accountService,org.springframework.beans.factory.config.PropertyPlaceholderConfigurer#0]; root of factory hierarchy
[2015-03-20 12:43:26 IST] <main> org.springframework.beans.factory.xml.XmlBeanDefinitionReader - INFO: Loading XML bean definitions from class path resource [base-test.xml]
[2015-03-20 12:43:26 IST] <main> org.springframework.beans.factory.xml.XmlBeanDefinitionReader - INFO: Loading XML bean definitions from class path resource [base-test-ed1.xml]
[2015-03-20 12:43:27 IST] <main> org.springframework.context.support.GenericApplicationContext - INFO: Refreshing org.springframework.context.support.GenericApplicationContext@5c3fdf63: startup date [Fri Mar 20 12:43:27 IST 2015]; root of context hierarchy
[2015-03-20 12:43:27 IST] <main> org.springframework.beans.factory.config.PropertyPlaceholderConfigurer - INFO: Loading properties file from class path resource [serversettings/ed1.properties]
[2015-03-20 12:43:27 IST] <main> org.springframework.beans.factory.support.DefaultListableBeanFactory - INFO: Pre-instantiating singletons in org.springframework.beans.factory.support.DefaultListableBeanFactory@2c3b39be: defining beans [org.springframework.context.annotation.internalConfigurationAnnotationProcessor,org.springframework.context.annotation.internalAutowiredAnnotationProcessor,org.springframework.context.annotation.internalRequiredAnnotationProcessor,org.springframework.context.annotation.internalCommonAnnotationProcessor,propertyUtil,authService,sessionsApi,session,accountService,org.springframework.beans.factory.config.PropertyPlaceholderConfigurer#0]; root of factory hierarchy
[2015-03-20 12:43:28 IST] <main> com.citrix.comm.stack.egw.RpcCommStackFactoryImpl - INFO: Creating comm stack for G2WRPCTest_1426835608094
[2015-03-20 12:44:59 IST] <Thread-0> org.springframework.context.support.GenericApplicationContext - INFO: Closing org.springframework.context.support.GenericApplicationContext@5c3fdf63: startup date [Fri Mar 20 12:43:27 IST 2015]; root of context hierarchy
[2015-03-20 12:44:59 IST] <Thread-0> org.springframework.beans.factory.support.DefaultListableBeanFactory - INFO: Destroying singletons in org.springframework.beans.factory.support.DefaultListableBeanFactory@2c3b39be: defining beans [org.springframework.context.annotation.internalConfigurationAnnotationProcessor,org.springframework.context.annotation.internalAutowiredAnnotationProcessor,org.springframework.context.annotation.internalRequiredAnnotationProcessor,org.springframework.context.annotation.internalCommonAnnotationProcessor,propertyUtil,authService,sessionsApi,session,accountService,org.springframework.beans.factory.config.PropertyPlaceholderConfigurer#0]; root of factory hierarchy
[2015-03-20 12:51:58 IST] <main> org.springframework.beans.factory.xml.XmlBeanDefinitionReader - INFO: Loading XML bean definitions from class path resource [base-test.xml]
[2015-03-20 12:51:58 IST] <main> org.springframework.beans.factory.xml.XmlBeanDefinitionReader - INFO: Loading XML bean definitions from class path resource [base-test-ed1.xml]
[2015-03-20 12:51:58 IST] <main> org.springframework.context.support.GenericApplicationContext - INFO: Refreshing org.springframework.context.support.GenericApplicationContext@5c3fdf63: startup date [Fri Mar 20 12:51:58 IST 2015]; root of context hierarchy
[2015-03-20 12:51:59 IST] <main> org.springframework.beans.factory.config.PropertyPlaceholderConfigurer - INFO: Loading properties file from class path resource [serversettings/ed1.properties]
[2015-03-20 12:51:59 IST] <main> org.springframework.beans.factory.support.DefaultListableBeanFactory - INFO: Pre-instantiating singletons in org.springframework.beans.factory.support.DefaultListableBeanFactory@21cf3b41: defining beans [org.springframework.context.annotation.internalConfigurationAnnotationProcessor,org.springframework.context.annotation.internalAutowiredAnnotationProcessor,org.springframework.context.annotation.internalRequiredAnnotationProcessor,org.springframework.context.annotation.internalCommonAnnotationProcessor,propertyUtil,authService,sessionsApi,session,accountService,org.springframework.beans.factory.config.PropertyPlaceholderConfigurer#0]; root of factory hierarchy
[2015-03-20 12:51:59 IST] <main> com.citrix.comm.stack.egw.RpcCommStackFactoryImpl - INFO: Creating comm stack for G2WRPCTest_1426836119896
[2015-03-20 12:54:09 IST] <Thread-0> org.springframework.context.support.GenericApplicationContext - INFO: Closing org.springframework.context.support.GenericApplicationContext@5c3fdf63: startup date [Fri Mar 20 12:51:58 IST 2015]; root of context hierarchy
[2015-03-20 12:54:09 IST] <Thread-0> org.springframework.beans.factory.support.DefaultListableBeanFactory - INFO: Destroying singletons in org.springframework.beans.factory.support.DefaultListableBeanFactory@21cf3b41: defining beans [org.springframework.context.annotation.internalConfigurationAnnotationProcessor,org.springframework.context.annotation.internalAutowiredAnnotationProcessor,org.springframework.context.annotation.internalRequiredAnnotationProcessor,org.springframework.context.annotation.internalCommonAnnotationProcessor,propertyUtil,authService,sessionsApi,session,accountService,org.springframework.beans.factory.config.PropertyPlaceholderConfigurer#0]; root of factory hierarchy
[2015-03-20 12:54:53 IST] <main> org.springframework.beans.factory.xml.XmlBeanDefinitionReader - INFO: Loading XML bean definitions from class path resource [base-test.xml]
[2015-03-20 12:54:53 IST] <main> org.springframework.beans.factory.xml.XmlBeanDefinitionReader - INFO: Loading XML bean definitions from class path resource [base-test-ed1.xml]
[2015-03-20 12:54:53 IST] <main> org.springframework.context.support.GenericApplicationContext - INFO: Refreshing org.springframework.context.support.GenericApplicationContext@49a21b63: startup date [Fri Mar 20 12:54:53 IST 2015]; root of context hierarchy
[2015-03-20 12:54:53 IST] <main> org.springframework.beans.factory.config.PropertyPlaceholderConfigurer - INFO: Loading properties file from class path resource [serversettings/ed1.properties]
[2015-03-20 12:54:53 IST] <main> org.springframework.beans.factory.support.DefaultListableBeanFactory - INFO: Pre-instantiating singletons in org.springframework.beans.factory.support.DefaultListableBeanFactory@2c3b39be: defining beans [org.springframework.context.annotation.internalConfigurationAnnotationProcessor,org.springframework.context.annotation.internalAutowiredAnnotationProcessor,org.springframework.context.annotation.internalRequiredAnnotationProcessor,org.springframework.context.annotation.internalCommonAnnotationProcessor,propertyUtil,authService,sessionsApi,session,accountService,org.springframework.beans.factory.config.PropertyPlaceholderConfigurer#0]; root of factory hierarchy
[2015-03-20 12:54:54 IST] <main> com.citrix.comm.stack.egw.RpcCommStackFactoryImpl - INFO: Creating comm stack for G2WRPCTest_1426836294835
[2015-03-20 12:57:38 IST] <Thread-0> org.springframework.context.support.GenericApplicationContext - INFO: Closing org.springframework.context.support.GenericApplicationContext@49a21b63: startup date [Fri Mar 20 12:54:53 IST 2015]; root of context hierarchy
[2015-03-20 12:57:38 IST] <Thread-0> org.springframework.beans.factory.support.DefaultListableBeanFactory - INFO: Destroying singletons in org.springframework.beans.factory.support.DefaultListableBeanFactory@2c3b39be: defining beans [org.springframework.context.annotation.internalConfigurationAnnotationProcessor,org.springframework.context.annotation.internalAutowiredAnnotationProcessor,org.springframework.context.annotation.internalRequiredAnnotationProcessor,org.springframework.context.annotation.internalCommonAnnotationProcessor,propertyUtil,authService,sessionsApi,session,accountService,org.springframework.beans.factory.config.PropertyPlaceholderConfigurer#0]; root of factory hierarchy
[2015-03-20 12:59:59 IST] <main> org.springframework.beans.factory.xml.XmlBeanDefinitionReader - INFO: Loading XML bean definitions from class path resource [base-test.xml]
[2015-03-20 12:59:59 IST] <main> org.springframework.beans.factory.xml.XmlBeanDefinitionReader - INFO: Loading XML bean definitions from class path resource [base-test-ed1.xml]
[2015-03-20 12:59:59 IST] <main> org.springframework.context.support.GenericApplicationContext - INFO: Refreshing org.springframework.context.support.GenericApplicationContext@65630be5: startup date [Fri Mar 20 12:59:59 IST 2015]; root of context hierarchy
[2015-03-20 12:59:59 IST] <main> org.springframework.beans.factory.config.PropertyPlaceholderConfigurer - INFO: Loading properties file from class path resource [serversettings/ed1.properties]
[2015-03-20 12:59:59 IST] <main> org.springframework.beans.factory.support.DefaultListableBeanFactory - INFO: Pre-instantiating singletons in org.springframework.beans.factory.support.DefaultListableBeanFactory@2c3b39be: defining beans [org.springframework.context.annotation.internalConfigurationAnnotationProcessor,org.springframework.context.annotation.internalAutowiredAnnotationProcessor,org.springframework.context.annotation.internalRequiredAnnotationProcessor,org.springframework.context.annotation.internalCommonAnnotationProcessor,propertyUtil,authService,sessionsApi,session,accountService,org.springframework.beans.factory.config.PropertyPlaceholderConfigurer#0]; root of factory hierarchy
[2015-03-20 13:00:00 IST] <main> com.citrix.comm.stack.egw.RpcCommStackFactoryImpl - INFO: Creating comm stack for G2WRPCTest_1426836600782
[2015-03-20 13:02:41 IST] <Thread-0> org.springframework.context.support.GenericApplicationContext - INFO: Closing org.springframework.context.support.GenericApplicationContext@65630be5: startup date [Fri Mar 20 12:59:59 IST 2015]; root of context hierarchy
[2015-03-20 13:02:41 IST] <Thread-0> org.springframework.beans.factory.support.DefaultListableBeanFactory - INFO: Destroying singletons in org.springframework.beans.factory.support.DefaultListableBeanFactory@2c3b39be: defining beans [org.springframework.context.annotation.internalConfigurationAnnotationProcessor,org.springframework.context.annotation.internalAutowiredAnnotationProcessor,org.springframework.context.annotation.internalRequiredAnnotationProcessor,org.springframework.context.annotation.internalCommonAnnotationProcessor,propertyUtil,authService,sessionsApi,session,accountService,org.springframework.beans.factory.config.PropertyPlaceholderConfigurer#0]; root of factory hierarchy
[2015-03-20 13:04:38 IST] <main> org.springframework.beans.factory.xml.XmlBeanDefinitionReader - INFO: Loading XML bean definitions from class path resource [base-test.xml]
[2015-03-20 13:04:39 IST] <main> org.springframework.beans.factory.xml.XmlBeanDefinitionReader - INFO: Loading XML bean definitions from class path resource [base-test-ed1.xml]
[2015-03-20 13:04:39 IST] <main> org.springframework.context.support.GenericApplicationContext - INFO: Refreshing org.springframework.context.support.GenericApplicationContext@49a21b63: startup date [Fri Mar 20 13:04:39 IST 2015]; root of context hierarchy
[2015-03-20 13:04:39 IST] <main> org.springframework.beans.factory.config.PropertyPlaceholderConfigurer - INFO: Loading properties file from class path resource [serversettings/ed1.properties]
[2015-03-20 13:04:39 IST] <main> org.springframework.beans.factory.support.DefaultListableBeanFactory - INFO: Pre-instantiating singletons in org.springframework.beans.factory.support.DefaultListableBeanFactory@2c3b39be: defining beans [org.springframework.context.annotation.internalConfigurationAnnotationProcessor,org.springframework.context.annotation.internalAutowiredAnnotationProcessor,org.springframework.context.annotation.internalRequiredAnnotationProcessor,org.springframework.context.annotation.internalCommonAnnotationProcessor,propertyUtil,authService,sessionsApi,session,accountService,org.springframework.beans.factory.config.PropertyPlaceholderConfigurer#0]; root of factory hierarchy
[2015-03-20 13:04:40 IST] <main> com.citrix.comm.stack.egw.RpcCommStackFactoryImpl - INFO: Creating comm stack for G2WRPCTest_1426836880195
[2015-03-20 13:06:50 IST] <Thread-0> org.springframework.context.support.GenericApplicationContext - INFO: Closing org.springframework.context.support.GenericApplicationContext@49a21b63: startup date [Fri Mar 20 13:04:39 IST 2015]; root of context hierarchy
[2015-03-20 13:06:50 IST] <Thread-0> org.springframework.beans.factory.support.DefaultListableBeanFactory - INFO: Destroying singletons in org.springframework.beans.factory.support.DefaultListableBeanFactory@2c3b39be: defining beans [org.springframework.context.annotation.internalConfigurationAnnotationProcessor,org.springframework.context.annotation.internalAutowiredAnnotationProcessor,org.springframework.context.annotation.internalRequiredAnnotationProcessor,org.springframework.context.annotation.internalCommonAnnotationProcessor,propertyUtil,authService,sessionsApi,session,accountService,org.springframework.beans.factory.config.PropertyPlaceholderConfigurer#0]; root of factory hierarchy
[2015-03-20 13:07:16 IST] <main> org.springframework.beans.factory.xml.XmlBeanDefinitionReader - INFO: Loading XML bean definitions from class path resource [base-test.xml]
[2015-03-20 13:07:16 IST] <main> org.springframework.beans.factory.xml.XmlBeanDefinitionReader - INFO: Loading XML bean definitions from class path resource [base-test-ed1.xml]
[2015-03-20 13:07:16 IST] <main> org.springframework.context.support.GenericApplicationContext - INFO: Refreshing org.springframework.context.support.GenericApplicationContext@65630be5: startup date [Fri Mar 20 13:07:16 IST 2015]; root of context hierarchy
[2015-03-20 13:07:16 IST] <main> org.springframework.beans.factory.config.PropertyPlaceholderConfigurer - INFO: Loading properties file from class path resource [serversettings/ed1.properties]
[2015-03-20 13:07:16 IST] <main> org.springframework.beans.factory.support.DefaultListableBeanFactory - INFO: Pre-instantiating singletons in org.springframework.beans.factory.support.DefaultListableBeanFactory@21cf3b41: defining beans [org.springframework.context.annotation.internalConfigurationAnnotationProcessor,org.springframework.context.annotation.internalAutowiredAnnotationProcessor,org.springframework.context.annotation.internalRequiredAnnotationProcessor,org.springframework.context.annotation.internalCommonAnnotationProcessor,propertyUtil,authService,sessionsApi,session,accountService,org.springframework.beans.factory.config.PropertyPlaceholderConfigurer#0]; root of factory hierarchy
[2015-03-20 13:07:17 IST] <main> com.citrix.comm.stack.egw.RpcCommStackFactoryImpl - INFO: Creating comm stack for G2WRPCTest_1426837037576
[2015-03-20 13:10:00 IST] <Thread-0> org.springframework.context.support.GenericApplicationContext - INFO: Closing org.springframework.context.support.GenericApplicationContext@65630be5: startup date [Fri Mar 20 13:07:16 IST 2015]; root of context hierarchy
[2015-03-20 13:10:00 IST] <Thread-0> org.springframework.beans.factory.support.DefaultListableBeanFactory - INFO: Destroying singletons in org.springframework.beans.factory.support.DefaultListableBeanFactory@21cf3b41: defining beans [org.springframework.context.annotation.internalConfigurationAnnotationProcessor,org.springframework.context.annotation.internalAutowiredAnnotationProcessor,org.springframework.context.annotation.internalRequiredAnnotationProcessor,org.springframework.context.annotation.internalCommonAnnotationProcessor,propertyUtil,authService,sessionsApi,session,accountService,org.springframework.beans.factory.config.PropertyPlaceholderConfigurer#0]; root of factory hierarchy
[2015-03-20 14:49:42 IST] <main> org.springframework.beans.factory.xml.XmlBeanDefinitionReader - INFO: Loading XML bean definitions from class path resource [base-test.xml]
[2015-03-20 14:49:42 IST] <main> org.springframework.beans.factory.xml.XmlBeanDefinitionReader - INFO: Loading XML bean definitions from class path resource [base-test-ed1.xml]
[2015-03-20 14:49:42 IST] <main> org.springframework.context.support.GenericApplicationContext - INFO: Refreshing org.springframework.context.support.GenericApplicationContext@5c3fdf63: startup date [Fri Mar 20 14:49:42 IST 2015]; root of context hierarchy
[2015-03-20 14:49:42 IST] <main> org.springframework.beans.factory.config.PropertyPlaceholderConfigurer - INFO: Loading properties file from class path resource [serversettings/ed1.properties]
[2015-03-20 14:49:42 IST] <main> org.springframework.beans.factory.support.DefaultListableBeanFactory - INFO: Pre-instantiating singletons in org.springframework.beans.factory.support.DefaultListableBeanFactory@21cf3b41: defining beans [org.springframework.context.annotation.internalConfigurationAnnotationProcessor,org.springframework.context.annotation.internalAutowiredAnnotationProcessor,org.springframework.context.annotation.internalRequiredAnnotationProcessor,org.springframework.context.annotation.internalCommonAnnotationProcessor,propertyUtil,authService,sessionsApi,session,accountService,org.springframework.beans.factory.config.PropertyPlaceholderConfigurer#0]; root of factory hierarchy
[2015-03-20 14:49:44 IST] <main> com.citrix.comm.stack.egw.RpcCommStackFactoryImpl - INFO: Creating comm stack for G2WRPCTest_1426843184008
[2015-03-20 14:51:52 IST] <Thread-0> org.springframework.context.support.GenericApplicationContext - INFO: Closing org.springframework.context.support.GenericApplicationContext@5c3fdf63: startup date [Fri Mar 20 14:49:42 IST 2015]; root of context hierarchy
[2015-03-20 14:51:52 IST] <Thread-0> org.springframework.beans.factory.support.DefaultListableBeanFactory - INFO: Destroying singletons in org.springframework.beans.factory.support.DefaultListableBeanFactory@21cf3b41: defining beans [org.springframework.context.annotation.internalConfigurationAnnotationProcessor,org.springframework.context.annotation.internalAutowiredAnnotationProcessor,org.springframework.context.annotation.internalRequiredAnnotationProcessor,org.springframework.context.annotation.internalCommonAnnotationProcessor,propertyUtil,authService,sessionsApi,session,accountService,org.springframework.beans.factory.config.PropertyPlaceholderConfigurer#0]; root of factory hierarchy
[2015-03-20 14:53:04 IST] <main> org.springframework.beans.factory.xml.XmlBeanDefinitionReader - INFO: Loading XML bean definitions from class path resource [base-test.xml]
[2015-03-20 14:53:04 IST] <main> org.springframework.beans.factory.xml.XmlBeanDefinitionReader - INFO: Loading XML bean definitions from class path resource [base-test-ed1.xml]
[2015-03-20 14:53:04 IST] <main> org.springframework.context.support.GenericApplicationContext - INFO: Refreshing org.springframework.context.support.GenericApplicationContext@4b3e2254: startup date [Fri Mar 20 14:53:04 IST 2015]; root of context hierarchy
[2015-03-20 14:53:04 IST] <main> org.springframework.beans.factory.config.PropertyPlaceholderConfigurer - INFO: Loading properties file from class path resource [serversettings/ed1.properties]
[2015-03-20 14:53:04 IST] <main> org.springframework.beans.factory.support.DefaultListableBeanFactory - INFO: Pre-instantiating singletons in org.springframework.beans.factory.support.DefaultListableBeanFactory@433d44fc: defining beans [org.springframework.context.annotation.internalConfigurationAnnotationProcessor,org.springframework.context.annotation.internalAutowiredAnnotationProcessor,org.springframework.context.annotation.internalRequiredAnnotationProcessor,org.springframework.context.annotation.internalCommonAnnotationProcessor,propertyUtil,authService,sessionsApi,session,accountService,org.springframework.beans.factory.config.PropertyPlaceholderConfigurer#0]; root of factory hierarchy
[2015-03-20 14:53:05 IST] <main> com.citrix.comm.stack.egw.RpcCommStackFactoryImpl - INFO: Creating comm stack for G2WRPCTest_1426843385794
[2015-03-20 14:55:19 IST] <Thread-0> org.springframework.context.support.GenericApplicationContext - INFO: Closing org.springframework.context.support.GenericApplicationContext@4b3e2254: startup date [Fri Mar 20 14:53:04 IST 2015]; root of context hierarchy
[2015-03-20 14:55:19 IST] <Thread-0> org.springframework.beans.factory.support.DefaultListableBeanFactory - INFO: Destroying singletons in org.springframework.beans.factory.support.DefaultListableBeanFactory@433d44fc: defining beans [org.springframework.context.annotation.internalConfigurationAnnotationProcessor,org.springframework.context.annotation.internalAutowiredAnnotationProcessor,org.springframework.context.annotation.internalRequiredAnnotationProcessor,org.springframework.context.annotation.internalCommonAnnotationProcessor,propertyUtil,authService,sessionsApi,session,accountService,org.springframework.beans.factory.config.PropertyPlaceholderConfigurer#0]; root of factory hierarchy
[2015-03-20 15:04:19 IST] <main> org.springframework.beans.factory.xml.XmlBeanDefinitionReader - INFO: Loading XML bean definitions from class path resource [base-test.xml]
[2015-03-20 15:04:20 IST] <main> org.springframework.beans.factory.xml.XmlBeanDefinitionReader - INFO: Loading XML bean definitions from class path resource [base-test-ed1.xml]
[2015-03-20 15:04:20 IST] <main> org.springframework.context.support.GenericApplicationContext - INFO: Refreshing org.springframework.context.support.GenericApplicationContext@31b42659: startup date [Fri Mar 20 15:04:20 IST 2015]; root of context hierarchy
[2015-03-20 15:04:20 IST] <main> org.springframework.beans.factory.config.PropertyPlaceholderConfigurer - INFO: Loading properties file from class path resource [serversettings/ed1.properties]
[2015-03-20 15:04:20 IST] <main> org.springframework.beans.factory.support.DefaultListableBeanFactory - INFO: Pre-instantiating singletons in org.springframework.beans.factory.support.DefaultListableBeanFactory@713d7dc3: defining beans [org.springframework.context.annotation.internalConfigurationAnnotationProcessor,org.springframework.context.annotation.internalAutowiredAnnotationProcessor,org.springframework.context.annotation.internalRequiredAnnotationProcessor,org.springframework.context.annotation.internalCommonAnnotationProcessor,propertyUtil,authService,sessionsApi,session,accountService,org.springframework.beans.factory.config.PropertyPlaceholderConfigurer#0]; root of factory hierarchy
[2015-03-20 15:04:21 IST] <main> com.citrix.comm.stack.egw.RpcCommStackFactoryImpl - INFO: Creating comm stack for G2WRPCTest_1426844061194
[2015-03-20 15:07:19 IST] <Thread-0> org.springframework.context.support.GenericApplicationContext - INFO: Closing org.springframework.context.support.GenericApplicationContext@31b42659: startup date [Fri Mar 20 15:04:20 IST 2015]; root of context hierarchy
[2015-03-20 15:07:19 IST] <Thread-0> org.springframework.beans.factory.support.DefaultListableBeanFactory - INFO: Destroying singletons in org.springframework.beans.factory.support.DefaultListableBeanFactory@713d7dc3: defining beans [org.springframework.context.annotation.internalConfigurationAnnotationProcessor,org.springframework.context.annotation.internalAutowiredAnnotationProcessor,org.springframework.context.annotation.internalRequiredAnnotationProcessor,org.springframework.context.annotation.internalCommonAnnotationProcessor,propertyUtil,authService,sessionsApi,session,accountService,org.springframework.beans.factory.config.PropertyPlaceholderConfigurer#0]; root of factory hierarchy
[2015-03-20 15:10:39 IST] <main> org.springframework.beans.factory.xml.XmlBeanDefinitionReader - INFO: Loading XML bean definitions from class path resource [base-test.xml]
[2015-03-20 15:10:39 IST] <main> org.springframework.beans.factory.xml.XmlBeanDefinitionReader - INFO: Loading XML bean definitions from class path resource [base-test-ed1.xml]
[2015-03-20 15:10:39 IST] <main> org.springframework.context.support.GenericApplicationContext - INFO: Refreshing org.springframework.context.support.GenericApplicationContext@4b3e2254: startup date [Fri Mar 20 15:10:39 IST 2015]; root of context hierarchy
[2015-03-20 15:10:39 IST] <main> org.springframework.beans.factory.config.PropertyPlaceholderConfigurer - INFO: Loading properties file from class path resource [serversettings/ed1.properties]
[2015-03-20 15:10:39 IST] <main> org.springframework.beans.factory.support.DefaultListableBeanFactory - INFO: Pre-instantiating singletons in org.springframework.beans.factory.support.DefaultListableBeanFactory@433d44fc: defining beans [org.springframework.context.annotation.internalConfigurationAnnotationProcessor,org.springframework.context.annotation.internalAutowiredAnnotationProcessor,org.springframework.context.annotation.internalRequiredAnnotationProcessor,org.springframework.context.annotation.internalCommonAnnotationProcessor,propertyUtil,authService,sessionsApi,session,accountService,org.springframework.beans.factory.config.PropertyPlaceholderConfigurer#0]; root of factory hierarchy
[2015-03-20 15:10:40 IST] <main> com.citrix.comm.stack.egw.RpcCommStackFactoryImpl - INFO: Creating comm stack for G2WRPCTest_1426844440766
[2015-03-20 15:14:16 IST] <Thread-0> org.springframework.context.support.GenericApplicationContext - INFO: Closing org.springframework.context.support.GenericApplicationContext@4b3e2254: startup date [Fri Mar 20 15:10:39 IST 2015]; root of context hierarchy
[2015-03-20 15:14:16 IST] <Thread-0> org.springframework.beans.factory.support.DefaultListableBeanFactory - INFO: Destroying singletons in org.springframework.beans.factory.support.DefaultListableBeanFactory@433d44fc: defining beans [org.springframework.context.annotation.internalConfigurationAnnotationProcessor,org.springframework.context.annotation.internalAutowiredAnnotationProcessor,org.springframework.context.annotation.internalRequiredAnnotationProcessor,org.springframework.context.annotation.internalCommonAnnotationProcessor,propertyUtil,authService,sessionsApi,session,accountService,org.springframework.beans.factory.config.PropertyPlaceholderConfigurer#0]; root of factory hierarchy
[2015-03-20 15:19:33 IST] <main> org.springframework.beans.factory.xml.XmlBeanDefinitionReader - INFO: Loading XML bean definitions from class path resource [base-test.xml]
[2015-03-20 15:19:33 IST] <main> org.springframework.beans.factory.xml.XmlBeanDefinitionReader - INFO: Loading XML bean definitions from class path resource [base-test-ed1.xml]
[2015-03-20 15:19:33 IST] <main> org.springframework.context.support.GenericApplicationContext - INFO: Refreshing org.springframework.context.support.GenericApplicationContext@4b3e2254: startup date [Fri Mar 20 15:19:33 IST 2015]; root of context hierarchy
[2015-03-20 15:19:33 IST] <main> org.springframework.beans.factory.config.PropertyPlaceholderConfigurer - INFO: Loading properties file from class path resource [serversettings/ed1.properties]
[2015-03-20 15:19:33 IST] <main> org.springframework.beans.factory.support.DefaultListableBeanFactory - INFO: Pre-instantiating singletons in org.springframework.beans.factory.support.DefaultListableBeanFactory@6b7c1ee0: defining beans [org.springframework.context.annotation.internalConfigurationAnnotationProcessor,org.springframework.context.annotation.internalAutowiredAnnotationProcessor,org.springframework.context.annotation.internalRequiredAnnotationProcessor,org.springframework.context.annotation.internalCommonAnnotationProcessor,propertyUtil,authService,sessionsApi,session,accountService,org.springframework.beans.factory.config.PropertyPlaceholderConfigurer#0]; root of factory hierarchy
[2015-03-20 15:19:34 IST] <main> com.citrix.comm.stack.egw.RpcCommStackFactoryImpl - INFO: Creating comm stack for G2WRPCTest_1426844974836
[2015-03-20 15:22:16 IST] <Thread-0> org.springframework.context.support.GenericApplicationContext - INFO: Closing org.springframework.context.support.GenericApplicationContext@4b3e2254: startup date [Fri Mar 20 15:19:33 IST 2015]; root of context hierarchy
[2015-03-20 15:22:16 IST] <Thread-0> org.springframework.beans.factory.support.DefaultListableBeanFactory - INFO: Destroying singletons in org.springframework.beans.factory.support.DefaultListableBeanFactory@6b7c1ee0: defining beans [org.springframework.context.annotation.internalConfigurationAnnotationProcessor,org.springframework.context.annotation.internalAutowiredAnnotationProcessor,org.springframework.context.annotation.internalRequiredAnnotationProcessor,org.springframework.context.annotation.internalCommonAnnotationProcessor,propertyUtil,authService,sessionsApi,session,accountService,org.springframework.beans.factory.config.PropertyPlaceholderConfigurer#0]; root of factory hierarchy
[2015-03-20 15:24:16 IST] <main> org.springframework.beans.factory.xml.XmlBeanDefinitionReader - INFO: Loading XML bean definitions from class path resource [base-test.xml]
[2015-03-20 15:24:16 IST] <main> org.springframework.beans.factory.xml.XmlBeanDefinitionReader - INFO: Loading XML bean definitions from class path resource [base-test-ed1.xml]
[2015-03-20 15:24:17 IST] <main> org.springframework.context.support.GenericApplicationContext - INFO: Refreshing org.springframework.context.support.GenericApplicationContext@5c3fdf63: startup date [Fri Mar 20 15:24:17 IST 2015]; root of context hierarchy
[2015-03-20 15:24:17 IST] <main> org.springframework.beans.factory.config.PropertyPlaceholderConfigurer - INFO: Loading properties file from class path resource [serversettings/ed1.properties]
[2015-03-20 15:24:17 IST] <main> org.springframework.beans.factory.support.DefaultListableBeanFactory - INFO: Pre-instantiating singletons in org.springframework.beans.factory.support.DefaultListableBeanFactory@644bffa1: defining beans [org.springframework.context.annotation.internalConfigurationAnnotationProcessor,org.springframework.context.annotation.internalAutowiredAnnotationProcessor,org.springframework.context.annotation.internalRequiredAnnotationProcessor,org.springframework.context.annotation.internalCommonAnnotationProcessor,propertyUtil,authService,sessionsApi,session,accountService,org.springframework.beans.factory.config.PropertyPlaceholderConfigurer#0]; root of factory hierarchy
[2015-03-20 15:24:18 IST] <main> com.citrix.comm.stack.egw.RpcCommStackFactoryImpl - INFO: Creating comm stack for G2WRPCTest_1426845258033
[2015-03-20 15:26:25 IST] <Thread-0> org.springframework.context.support.GenericApplicationContext - INFO: Closing org.springframework.context.support.GenericApplicationContext@5c3fdf63: startup date [Fri Mar 20 15:24:17 IST 2015]; root of context hierarchy
[2015-03-20 15:26:25 IST] <Thread-0> org.springframework.beans.factory.support.DefaultListableBeanFactory - INFO: Destroying singletons in org.springframework.beans.factory.support.DefaultListableBeanFactory@644bffa1: defining beans [org.springframework.context.annotation.internalConfigurationAnnotationProcessor,org.springframework.context.annotation.internalAutowiredAnnotationProcessor,org.springframework.context.annotation.internalRequiredAnnotationProcessor,org.springframework.context.annotation.internalCommonAnnotationProcessor,propertyUtil,authService,sessionsApi,session,accountService,org.springframework.beans.factory.config.PropertyPlaceholderConfigurer#0]; root of factory hierarchy
[2015-03-20 15:26:42 IST] <main> org.springframework.beans.factory.xml.XmlBeanDefinitionReader - INFO: Loading XML bean definitions from class path resource [base-test.xml]
[2015-03-20 15:26:42 IST] <main> org.springframework.beans.factory.xml.XmlBeanDefinitionReader - INFO: Loading XML bean definitions from class path resource [base-test-ed1.xml]
[2015-03-20 15:26:42 IST] <main> org.springframework.context.support.GenericApplicationContext - INFO: Refreshing org.springframework.context.support.GenericApplicationContext@65630be5: startup date [Fri Mar 20 15:26:42 IST 2015]; root of context hierarchy
[2015-03-20 15:26:42 IST] <main> org.springframework.beans.factory.config.PropertyPlaceholderConfigurer - INFO: Loading properties file from class path resource [serversettings/ed1.properties]
[2015-03-20 15:26:42 IST] <main> org.springframework.beans.factory.support.DefaultListableBeanFactory - INFO: Pre-instantiating singletons in org.springframework.beans.factory.support.DefaultListableBeanFactory@397bd678: defining beans [org.springframework.context.annotation.internalConfigurationAnnotationProcessor,org.springframework.context.annotation.internalAutowiredAnnotationProcessor,org.springframework.context.annotation.internalRequiredAnnotationProcessor,org.springframework.context.annotation.internalCommonAnnotationProcessor,propertyUtil,authService,sessionsApi,session,accountService,org.springframework.beans.factory.config.PropertyPlaceholderConfigurer#0]; root of factory hierarchy
[2015-03-20 15:26:43 IST] <main> com.citrix.comm.stack.egw.RpcCommStackFactoryImpl - INFO: Creating comm stack for G2WRPCTest_1426845403890
[2015-03-20 15:29:18 IST] <Thread-0> org.springframework.context.support.GenericApplicationContext - INFO: Closing org.springframework.context.support.GenericApplicationContext@65630be5: startup date [Fri Mar 20 15:26:42 IST 2015]; root of context hierarchy
[2015-03-20 15:29:18 IST] <Thread-0> org.springframework.beans.factory.support.DefaultListableBeanFactory - INFO: Destroying singletons in org.springframework.beans.factory.support.DefaultListableBeanFactory@397bd678: defining beans [org.springframework.context.annotation.internalConfigurationAnnotationProcessor,org.springframework.context.annotation.internalAutowiredAnnotationProcessor,org.springframework.context.annotation.internalRequiredAnnotationProcessor,org.springframework.context.annotation.internalCommonAnnotationProcessor,propertyUtil,authService,sessionsApi,session,accountService,org.springframework.beans.factory.config.PropertyPlaceholderConfigurer#0]; root of factory hierarchy
[2015-03-20 15:31:40 IST] <main> org.springframework.beans.factory.xml.XmlBeanDefinitionReader - INFO: Loading XML bean definitions from class path resource [base-test.xml]
[2015-03-20 15:31:40 IST] <main> org.springframework.beans.factory.xml.XmlBeanDefinitionReader - INFO: Loading XML bean definitions from class path resource [base-test-ed1.xml]
[2015-03-20 15:31:40 IST] <main> org.springframework.context.support.GenericApplicationContext - INFO: Refreshing org.springframework.context.support.GenericApplicationContext@49a21b63: startup date [Fri Mar 20 15:31:40 IST 2015]; root of context hierarchy
[2015-03-20 15:31:40 IST] <main> org.springframework.beans.factory.config.PropertyPlaceholderConfigurer - INFO: Loading properties file from class path resource [serversettings/ed1.properties]
[2015-03-20 15:31:40 IST] <main> org.springframework.beans.factory.support.DefaultListableBeanFactory - INFO: Pre-instantiating singletons in org.springframework.beans.factory.support.DefaultListableBeanFactory@2c3b39be: defining beans [org.springframework.context.annotation.internalConfigurationAnnotationProcessor,org.springframework.context.annotation.internalAutowiredAnnotationProcessor,org.springframework.context.annotation.internalRequiredAnnotationProcessor,org.springframework.context.annotation.internalCommonAnnotationProcessor,propertyUtil,authService,sessionsApi,session,accountService,org.springframework.beans.factory.config.PropertyPlaceholderConfigurer#0]; root of factory hierarchy
[2015-03-20 15:31:41 IST] <main> com.citrix.comm.stack.egw.RpcCommStackFactoryImpl - INFO: Creating comm stack for G2WRPCTest_1426845701866
[2015-03-20 15:34:33 IST] <Thread-0> org.springframework.context.support.GenericApplicationContext - INFO: Closing org.springframework.context.support.GenericApplicationContext@49a21b63: startup date [Fri Mar 20 15:31:40 IST 2015]; root of context hierarchy
[2015-03-20 15:34:33 IST] <Thread-0> org.springframework.beans.factory.support.DefaultListableBeanFactory - INFO: Destroying singletons in org.springframework.beans.factory.support.DefaultListableBeanFactory@2c3b39be: defining beans [org.springframework.context.annotation.internalConfigurationAnnotationProcessor,org.springframework.context.annotation.internalAutowiredAnnotationProcessor,org.springframework.context.annotation.internalRequiredAnnotationProcessor,org.springframework.context.annotation.internalCommonAnnotationProcessor,propertyUtil,authService,sessionsApi,session,accountService,org.springframework.beans.factory.config.PropertyPlaceholderConfigurer#0]; root of factory hierarchy
[2015-03-20 15:44:11 IST] <main> org.springframework.beans.factory.xml.XmlBeanDefinitionReader - INFO: Loading XML bean definitions from class path resource [base-test.xml]
[2015-03-20 15:44:12 IST] <main> org.springframework.beans.factory.xml.XmlBeanDefinitionReader - INFO: Loading XML bean definitions from class path resource [base-test-ed1.xml]
[2015-03-20 15:44:12 IST] <main> org.springframework.context.support.GenericApplicationContext - INFO: Refreshing org.springframework.context.support.GenericApplicationContext@2a41b68d: startup date [Fri Mar 20 15:44:12 IST 2015]; root of context hierarchy
[2015-03-20 15:44:12 IST] <main> org.springframework.beans.factory.config.PropertyPlaceholderConfigurer - INFO: Loading properties file from class path resource [serversettings/ed1.properties]
[2015-03-20 15:44:12 IST] <main> org.springframework.beans.factory.support.DefaultListableBeanFactory - INFO: Pre-instantiating singletons in org.springframework.beans.factory.support.DefaultListableBeanFactory@7c0bc749: defining beans [org.springframework.context.annotation.internalConfigurationAnnotationProcessor,org.springframework.context.annotation.internalAutowiredAnnotationProcessor,org.springframework.context.annotation.internalRequiredAnnotationProcessor,org.springframework.context.annotation.internalCommonAnnotationProcessor,propertyUtil,authService,sessionsApi,session,accountService,org.springframework.beans.factory.config.PropertyPlaceholderConfigurer#0]; root of factory hierarchy
[2015-03-20 15:44:13 IST] <main> com.citrix.comm.stack.egw.RpcCommStackFactoryImpl - INFO: Creating comm stack for G2WRPCTest_1426846453387
[2015-03-20 15:46:23 IST] <Thread-0> org.springframework.context.support.GenericApplicationContext - INFO: Closing org.springframework.context.support.GenericApplicationContext@2a41b68d: startup date [Fri Mar 20 15:44:12 IST 2015]; root of context hierarchy
[2015-03-20 15:46:23 IST] <Thread-0> org.springframework.beans.factory.support.DefaultListableBeanFactory - INFO: Destroying singletons in org.springframework.beans.factory.support.DefaultListableBeanFactory@7c0bc749: defining beans [org.springframework.context.annotation.internalConfigurationAnnotationProcessor,org.springframework.context.annotation.internalAutowiredAnnotationProcessor,org.springframework.context.annotation.internalRequiredAnnotationProcessor,org.springframework.context.annotation.internalCommonAnnotationProcessor,propertyUtil,authService,sessionsApi,session,accountService,org.springframework.beans.factory.config.PropertyPlaceholderConfigurer#0]; root of factory hierarchy
[2015-03-20 15:51:05 IST] <main> org.springframework.beans.factory.xml.XmlBeanDefinitionReader - INFO: Loading XML bean definitions from class path resource [base-test.xml]
[2015-03-20 15:51:06 IST] <main> org.springframework.beans.factory.xml.XmlBeanDefinitionReader - INFO: Loading XML bean definitions from class path resource [base-test-ed1.xml]
[2015-03-20 15:51:06 IST] <main> org.springframework.context.support.GenericApplicationContext - INFO: Refreshing org.springframework.context.support.GenericApplicationContext@31b42659: startup date [Fri Mar 20 15:51:06 IST 2015]; root of context hierarchy
[2015-03-20 15:51:06 IST] <main> org.springframework.beans.factory.config.PropertyPlaceholderConfigurer - INFO: Loading properties file from class path resource [serversettings/ed1.properties]
[2015-03-20 15:51:06 IST] <main> org.springframework.beans.factory.support.DefaultListableBeanFactory - INFO: Pre-instantiating singletons in org.springframework.beans.factory.support.DefaultListableBeanFactory@644bffa1: defining beans [org.springframework.context.annotation.internalConfigurationAnnotationProcessor,org.springframework.context.annotation.internalAutowiredAnnotationProcessor,org.springframework.context.annotation.internalRequiredAnnotationProcessor,org.springframework.context.annotation.internalCommonAnnotationProcessor,propertyUtil,authService,sessionsApi,session,accountService,org.springframework.beans.factory.config.PropertyPlaceholderConfigurer#0]; root of factory hierarchy
[2015-03-20 15:51:07 IST] <main> com.citrix.comm.stack.egw.RpcCommStackFactoryImpl - INFO: Creating comm stack for G2WRPCTest_1426846867242
[2015-03-20 15:51:50 IST] <Thread-0> org.springframework.context.support.GenericApplicationContext - INFO: Closing org.springframework.context.support.GenericApplicationContext@31b42659: startup date [Fri Mar 20 15:51:06 IST 2015]; root of context hierarchy
[2015-03-20 15:51:50 IST] <Thread-0> org.springframework.beans.factory.support.DefaultListableBeanFactory - INFO: Destroying singletons in org.springframework.beans.factory.support.DefaultListableBeanFactory@644bffa1: defining beans [org.springframework.context.annotation.internalConfigurationAnnotationProcessor,org.springframework.context.annotation.internalAutowiredAnnotationProcessor,org.springframework.context.annotation.internalRequiredAnnotationProcessor,org.springframework.context.annotation.internalCommonAnnotationProcessor,propertyUtil,authService,sessionsApi,session,accountService,org.springframework.beans.factory.config.PropertyPlaceholderConfigurer#0]; root of factory hierarchy
[2015-03-20 15:52:23 IST] <main> org.springframework.beans.factory.xml.XmlBeanDefinitionReader - INFO: Loading XML bean definitions from class path resource [base-test.xml]
[2015-03-20 15:52:23 IST] <main> org.springframework.beans.factory.xml.XmlBeanDefinitionReader - INFO: Loading XML bean definitions from class path resource [base-test-ed1.xml]
[2015-03-20 15:52:23 IST] <main> org.springframework.context.support.GenericApplicationContext - INFO: Refreshing org.springframework.context.support.GenericApplicationContext@65630be5: startup date [Fri Mar 20 15:52:23 IST 2015]; root of context hierarchy
[2015-03-20 15:52:23 IST] <main> org.springframework.beans.factory.config.PropertyPlaceholderConfigurer - INFO: Loading properties file from class path resource [serversettings/ed1.properties]
[2015-03-20 15:52:23 IST] <main> org.springframework.beans.factory.support.DefaultListableBeanFactory - INFO: Pre-instantiating singletons in org.springframework.beans.factory.support.DefaultListableBeanFactory@2c3b39be: defining beans [org.springframework.context.annotation.internalConfigurationAnnotationProcessor,org.springframework.context.annotation.internalAutowiredAnnotationProcessor,org.springframework.context.annotation.internalRequiredAnnotationProcessor,org.springframework.context.annotation.internalCommonAnnotationProcessor,propertyUtil,authService,sessionsApi,session,accountService,org.springframework.beans.factory.config.PropertyPlaceholderConfigurer#0]; root of factory hierarchy
[2015-03-20 15:52:24 IST] <main> com.citrix.comm.stack.egw.RpcCommStackFactoryImpl - INFO: Creating comm stack for G2WRPCTest_1426846944604
[2015-03-20 15:55:00 IST] <Thread-0> org.springframework.context.support.GenericApplicationContext - INFO: Closing org.springframework.context.support.GenericApplicationContext@65630be5: startup date [Fri Mar 20 15:52:23 IST 2015]; root of context hierarchy
[2015-03-20 15:55:00 IST] <Thread-0> org.springframework.beans.factory.support.DefaultListableBeanFactory - INFO: Destroying singletons in org.springframework.beans.factory.support.DefaultListableBeanFactory@2c3b39be: defining beans [org.springframework.context.annotation.internalConfigurationAnnotationProcessor,org.springframework.context.annotation.internalAutowiredAnnotationProcessor,org.springframework.context.annotation.internalRequiredAnnotationProcessor,org.springframework.context.annotation.internalCommonAnnotationProcessor,propertyUtil,authService,sessionsApi,session,accountService,org.springframework.beans.factory.config.PropertyPlaceholderConfigurer#0]; root of factory hierarchy
[2015-03-20 15:56:05 IST] <main> org.springframework.beans.factory.xml.XmlBeanDefinitionReader - INFO: Loading XML bean definitions from class path resource [base-test.xml]
[2015-03-20 15:56:05 IST] <main> org.springframework.beans.factory.xml.XmlBeanDefinitionReader - INFO: Loading XML bean definitions from class path resource [base-test-ed1.xml]
[2015-03-20 15:56:05 IST] <main> org.springframework.context.support.GenericApplicationContext - INFO: Refreshing org.springframework.context.support.GenericApplicationContext@65630be5: startup date [Fri Mar 20 15:56:05 IST 2015]; root of context hierarchy
[2015-03-20 15:56:05 IST] <main> org.springframework.beans.factory.config.PropertyPlaceholderConfigurer - INFO: Loading properties file from class path resource [serversettings/ed1.properties]
[2015-03-20 15:56:05 IST] <main> org.springframework.beans.factory.support.DefaultListableBeanFactory - INFO: Pre-instantiating singletons in org.springframework.beans.factory.support.DefaultListableBeanFactory@2c3b39be: defining beans [org.springframework.context.annotation.internalConfigurationAnnotationProcessor,org.springframework.context.annotation.internalAutowiredAnnotationProcessor,org.springframework.context.annotation.internalRequiredAnnotationProcessor,org.springframework.context.annotation.internalCommonAnnotationProcessor,propertyUtil,authService,sessionsApi,session,accountService,org.springframework.beans.factory.config.PropertyPlaceholderConfigurer#0]; root of factory hierarchy
[2015-03-20 15:56:06 IST] <main> com.citrix.comm.stack.egw.RpcCommStackFactoryImpl - INFO: Creating comm stack for G2WRPCTest_1426847166654
[2015-03-20 15:58:26 IST] <Thread-0> org.springframework.context.support.GenericApplicationContext - INFO: Closing org.springframework.context.support.GenericApplicationContext@65630be5: startup date [Fri Mar 20 15:56:05 IST 2015]; root of context hierarchy
[2015-03-20 15:58:26 IST] <Thread-0> org.springframework.beans.factory.support.DefaultListableBeanFactory - INFO: Destroying singletons in org.springframework.beans.factory.support.DefaultListableBeanFactory@2c3b39be: defining beans [org.springframework.context.annotation.internalConfigurationAnnotationProcessor,org.springframework.context.annotation.internalAutowiredAnnotationProcessor,org.springframework.context.annotation.internalRequiredAnnotationProcessor,org.springframework.context.annotation.internalCommonAnnotationProcessor,propertyUtil,authService,sessionsApi,session,accountService,org.springframework.beans.factory.config.PropertyPlaceholderConfigurer#0]; root of factory hierarchy
[2015-03-20 15:59:26 IST] <main> org.springframework.beans.factory.xml.XmlBeanDefinitionReader - INFO: Loading XML bean definitions from class path resource [base-test.xml]
[2015-03-20 15:59:26 IST] <main> org.springframework.beans.factory.xml.XmlBeanDefinitionReader - INFO: Loading XML bean definitions from class path resource [base-test-ed1.xml]
[2015-03-20 15:59:26 IST] <main> org.springframework.context.support.GenericApplicationContext - INFO: Refreshing org.springframework.context.support.GenericApplicationContext@65630be5: startup date [Fri Mar 20 15:59:26 IST 2015]; root of context hierarchy
[2015-03-20 15:59:26 IST] <main> org.springframework.beans.factory.config.PropertyPlaceholderConfigurer - INFO: Loading properties file from class path resource [serversettings/ed1.properties]
[2015-03-20 15:59:26 IST] <main> org.springframework.beans.factory.support.DefaultListableBeanFactory - INFO: Pre-instantiating singletons in org.springframework.beans.factory.support.DefaultListableBeanFactory@397bd678: defining beans [org.springframework.context.annotation.internalConfigurationAnnotationProcessor,org.springframework.context.annotation.internalAutowiredAnnotationProcessor,org.springframework.context.annotation.internalRequiredAnnotationProcessor,org.springframework.context.annotation.internalCommonAnnotationProcessor,propertyUtil,authService,sessionsApi,session,accountService,org.springframework.beans.factory.config.PropertyPlaceholderConfigurer#0]; root of factory hierarchy
[2015-03-20 15:59:27 IST] <main> com.citrix.comm.stack.egw.RpcCommStackFactoryImpl - INFO: Creating comm stack for G2WRPCTest_1426847367685
[2015-03-20 16:02:43 IST] <Thread-0> org.springframework.context.support.GenericApplicationContext - INFO: Closing org.springframework.context.support.GenericApplicationContext@65630be5: startup date [Fri Mar 20 15:59:26 IST 2015]; root of context hierarchy
[2015-03-20 16:02:43 IST] <Thread-0> org.springframework.beans.factory.support.DefaultListableBeanFactory - INFO: Destroying singletons in org.springframework.beans.factory.support.DefaultListableBeanFactory@397bd678: defining beans [org.springframework.context.annotation.internalConfigurationAnnotationProcessor,org.springframework.context.annotation.internalAutowiredAnnotationProcessor,org.springframework.context.annotation.internalRequiredAnnotationProcessor,org.springframework.context.annotation.internalCommonAnnotationProcessor,propertyUtil,authService,sessionsApi,session,accountService,org.springframework.beans.factory.config.PropertyPlaceholderConfigurer#0]; root of factory hierarchy
[2015-03-20 16:09:27 IST] <main> org.springframework.beans.factory.xml.XmlBeanDefinitionReader - INFO: Loading XML bean definitions from class path resource [base-test.xml]
[2015-03-20 16:09:27 IST] <main> org.springframework.beans.factory.xml.XmlBeanDefinitionReader - INFO: Loading XML bean definitions from class path resource [base-test-ed1.xml]
[2015-03-20 16:09:27 IST] <main> org.springframework.context.support.GenericApplicationContext - INFO: Refreshing org.springframework.context.support.GenericApplicationContext@2a41b68d: startup date [Fri Mar 20 16:09:27 IST 2015]; root of context hierarchy
[2015-03-20 16:09:27 IST] <main> org.springframework.beans.factory.config.PropertyPlaceholderConfigurer - INFO: Loading properties file from class path resource [serversettings/ed1.properties]
[2015-03-20 16:09:27 IST] <main> org.springframework.beans.factory.support.DefaultListableBeanFactory - INFO: Pre-instantiating singletons in org.springframework.beans.factory.support.DefaultListableBeanFactory@6948c93e: defining beans [org.springframework.context.annotation.internalConfigurationAnnotationProcessor,org.springframework.context.annotation.internalAutowiredAnnotationProcessor,org.springframework.context.annotation.internalRequiredAnnotationProcessor,org.springframework.context.annotation.internalCommonAnnotationProcessor,propertyUtil,authService,sessionsApi,session,accountService,org.springframework.beans.factory.config.PropertyPlaceholderConfigurer#0]; root of factory hierarchy
[2015-03-20 16:09:28 IST] <main> com.citrix.comm.stack.egw.RpcCommStackFactoryImpl - INFO: Creating comm stack for G2WRPCTest_1426847968537
[2015-03-20 16:12:29 IST] <Thread-0> org.springframework.context.support.GenericApplicationContext - INFO: Closing org.springframework.context.support.GenericApplicationContext@2a41b68d: startup date [Fri Mar 20 16:09:27 IST 2015]; root of context hierarchy
[2015-03-20 16:12:29 IST] <Thread-0> org.springframework.beans.factory.support.DefaultListableBeanFactory - INFO: Destroying singletons in org.springframework.beans.factory.support.DefaultListableBeanFactory@6948c93e: defining beans [org.springframework.context.annotation.internalConfigurationAnnotationProcessor,org.springframework.context.annotation.internalAutowiredAnnotationProcessor,org.springframework.context.annotation.internalRequiredAnnotationProcessor,org.springframework.context.annotation.internalCommonAnnotationProcessor,propertyUtil,authService,sessionsApi,session,accountService,org.springframework.beans.factory.config.PropertyPlaceholderConfigurer#0]; root of factory hierarchy
[2015-03-20 16:30:39 IST] <main> org.springframework.beans.factory.xml.XmlBeanDefinitionReader - INFO: Loading XML bean definitions from class path resource [base-test.xml]
[2015-03-20 16:30:39 IST] <main> org.springframework.beans.factory.xml.XmlBeanDefinitionReader - INFO: Loading XML bean definitions from class path resource [base-test-ed1.xml]
[2015-03-20 16:30:39 IST] <main> org.springframework.context.support.GenericApplicationContext - INFO: Refreshing org.springframework.context.support.GenericApplicationContext@31b42659: startup date [Fri Mar 20 16:30:39 IST 2015]; root of context hierarchy
[2015-03-20 16:30:39 IST] <main> org.springframework.beans.factory.config.PropertyPlaceholderConfigurer - INFO: Loading properties file from class path resource [serversettings/ed1.properties]
[2015-03-20 16:30:39 IST] <main> org.springframework.beans.factory.support.DefaultListableBeanFactory - INFO: Pre-instantiating singletons in org.springframework.beans.factory.support.DefaultListableBeanFactory@6948c93e: defining beans [org.springframework.context.annotation.internalConfigurationAnnotationProcessor,org.springframework.context.annotation.internalAutowiredAnnotationProcessor,org.springframework.context.annotation.internalRequiredAnnotationProcessor,org.springframework.context.annotation.internalCommonAnnotationProcessor,propertyUtil,authService,sessionsApi,session,accountService,org.springframework.beans.factory.config.PropertyPlaceholderConfigurer#0]; root of factory hierarchy
[2015-03-20 16:30:41 IST] <main> com.citrix.comm.stack.egw.RpcCommStackFactoryImpl - INFO: Creating comm stack for G2WRPCTest_1426849241098
[2015-03-20 16:34:00 IST] <Thread-0> org.springframework.context.support.GenericApplicationContext - INFO: Closing org.springframework.context.support.GenericApplicationContext@31b42659: startup date [Fri Mar 20 16:30:39 IST 2015]; root of context hierarchy
[2015-03-20 16:34:00 IST] <Thread-0> org.springframework.beans.factory.support.DefaultListableBeanFactory - INFO: Destroying singletons in org.springframework.beans.factory.support.DefaultListableBeanFactory@6948c93e: defining beans [org.springframework.context.annotation.internalConfigurationAnnotationProcessor,org.springframework.context.annotation.internalAutowiredAnnotationProcessor,org.springframework.context.annotation.internalRequiredAnnotationProcessor,org.springframework.context.annotation.internalCommonAnnotationProcessor,propertyUtil,authService,sessionsApi,session,accountService,org.springframework.beans.factory.config.PropertyPlaceholderConfigurer#0]; root of factory hierarchy
